Log file open, 11/24/21 00:30:18
LogWindows: Failed to load 'aqProf.dll' (GetLastError=126)
LogWindows: File 'aqProf.dll' does not exist
LogWindows: Failed to load 'VtuneApi.dll' (GetLastError=126)
LogWindows: File 'VtuneApi.dll' does not exist
LogWindows: Failed to load 'VtuneApi32e.dll' (GetLastError=126)
LogWindows: File 'VtuneApi32e.dll' does not exist
LogConsoleResponse: Display: Failed to find resolution value strings in scalability ini. Falling back to default.
LogConsoleResponse: Display: Failed to find resolution value strings in scalability ini. Falling back to default.
LogInit: Display: Running engine for game: SEALER
LogPlatformFile: Not using cached read wrapper
LogTaskGraph: Started task graph with 5 named threads and 35 total threads with 3 sets of task threads.
LogStats: Stats thread started at 0.195926
LogICUInternationalization: ICU TimeZone Detection - Raw Offset: +1:00, Platform Override: ''
LogInit: Display: Loading text-based GConfig....
LogPluginManager: Mounting plugin MeshPainting
LogPluginManager: Mounting plugin XGEController
LogPluginManager: Mounting plugin Paper2D
LogPluginManager: Mounting plugin AISupport
LogPluginManager: Mounting plugin EnvironmentQueryEditor
LogPluginManager: Mounting plugin LightPropagationVolume
LogPluginManager: Mounting plugin LiveLink
LogPluginManager: Mounting plugin CameraShakePreviewer
LogPluginManager: Mounting plugin GameplayCameras
LogPluginManager: Mounting plugin OodleData
LogPluginManager: Mounting plugin OodleNetwork
LogPluginManager: Mounting plugin GeometryMode
LogPluginManager: Mounting plugin FacialAnimation
LogPluginManager: Mounting plugin DataValidation
LogPluginManager: Mounting plugin MacGraphicsSwitching
LogPluginManager: Mounting plugin MaterialAnalyzer
LogPluginManager: Mounting plugin MobileLauncherProfileWizard
LogPluginManager: Mounting plugin PluginBrowser
LogPluginManager: Mounting plugin SpeedTreeImporter
LogPluginManager: Mounting plugin AssetManagerEditor
LogPluginManager: Mounting plugin CurveEditorTools
LogPluginManager: Mounting plugin CryptoKeys
LogPluginManager: Mounting plugin CLionSourceCodeAccess
LogPluginManager: Mounting plugin AlembicImporter
LogPluginManager: Mounting plugin AnimationSharing
LogPluginManager: Mounting plugin GameplayTagsEditor
LogPluginManager: Mounting plugin CodeLiteSourceCodeAccess
LogPluginManager: Mounting plugin KDevelopSourceCodeAccess
LogPluginManager: Mounting plugin GitSourceControl
LogPluginManager: Mounting plugin NullSourceCodeAccess
LogPluginManager: Mounting plugin DatasmithContent
LogPluginManager: Mounting plugin PerforceSourceControl
LogPluginManager: Mounting plugin PlasticSourceControl
LogPluginManager: Mounting plugin PluginUtils
LogPluginManager: Mounting plugin PixWinPlugin
LogPluginManager: Mounting plugin PropertyAccessNode
LogPluginManager: Mounting plugin RiderSourceCodeAccess
LogPluginManager: Mounting plugin AutomationUtils
LogPluginManager: Mounting plugin BackChannel
LogPluginManager: Mounting plugin SubversionSourceControl
LogPluginManager: Mounting plugin ChaosCloth
LogPluginManager: Mounting plugin TextureFormatOodle
LogPluginManager: Mounting plugin ChaosClothEditor
LogPluginManager: Mounting plugin ChaosEditor
LogPluginManager: Mounting plugin UObjectPlugin
LogPluginManager: Mounting plugin VisualStudioCodeSourceCodeAccess
LogPluginManager: Mounting plugin ChaosNiagara
LogPluginManager: Mounting plugin VisualStudioSourceCodeAccess
LogPluginManager: Mounting plugin XCodeSourceCodeAccess
LogPluginManager: Mounting plugin ChaosSolverPlugin
LogPluginManager: Mounting plugin CharacterAI
LogPluginManager: Mounting plugin GeometryCache
LogPluginManager: Mounting plugin VariantManagerContent
LogPluginManager: Mounting plugin GeometryCollectionPlugin
LogPluginManager: Mounting plugin Niagara
LogPluginManager: Mounting plugin GeometryProcessing
LogPluginManager: Mounting plugin MotoSynth
LogPluginManager: Mounting plugin OpenImageDenoise
LogPluginManager: Mounting plugin PlanarCut
LogPluginManager: Mounting plugin ProxyLODPlugin
LogPluginManager: Mounting plugin PythonScriptPlugin
LogPluginManager: Mounting plugin PlatformCrypto
LogPluginManager: Mounting plugin SkeletalReduction
LogPluginManager: Mounting plugin AndroidMedia
LogPluginManager: Mounting plugin AvfMedia
LogPluginManager: Mounting plugin ImgMedia
LogPluginManager: Mounting plugin MediaCompositing
LogPluginManager: Mounting plugin MediaPlayerEditor
LogPluginManager: Mounting plugin LuminPlatformFeatures
LogPluginManager: Mounting plugin WebMMedia
LogPluginManager: Mounting plugin WmfMedia
LogPluginManager: Mounting plugin MagicLeap
LogPluginManager: Mounting plugin MagicLeapLightEstimation
LogPluginManager: Mounting plugin MagicLeapMedia
LogPluginManager: Mounting plugin MagicLeapPassableWorld
LogPluginManager: Mounting plugin MLSDK
LogPluginManager: Mounting plugin ActorSequence
LogPluginManager: Mounting plugin LevelSequenceEditor
LogPluginManager: Mounting plugin MatineeToLevelSequence
LogPluginManager: Mounting plugin TemplateSequence
LogPluginManager: Mounting plugin TcpMessaging
LogPluginManager: Mounting plugin UdpMessaging
LogPluginManager: Mounting plugin LauncherChunkInstaller
LogPluginManager: Mounting plugin OnlineSubsystem
LogPluginManager: Mounting plugin OnlineSubsystemNull
LogPluginManager: Mounting plugin OnlineSubsystemUtils
LogPluginManager: Mounting plugin ActorLayerUtilities
LogPluginManager: Mounting plugin AndroidMoviePlayer
LogPluginManager: Mounting plugin AndroidDeviceProfileSelector
LogPluginManager: Mounting plugin AndroidPermission
LogPluginManager: Mounting plugin AppleImageUtils
LogPluginManager: Mounting plugin AppleMoviePlayer
LogPluginManager: Mounting plugin ArchVisCharacter
LogPluginManager: Mounting plugin AssetTags
LogPluginManager: Mounting plugin AudioCapture
LogPluginManager: Mounting plugin AudioSynesthesia
LogPluginManager: Mounting plugin CableComponent
LogPluginManager: Mounting plugin ChunkDownloader
LogPluginManager: Mounting plugin CustomMeshComponent
LogPluginManager: Mounting plugin Takes
LogPluginManager: Mounting plugin EditableMesh
LogPluginManager: Mounting plugin ExampleDeviceProfileSelector
LogPluginManager: Mounting plugin GoogleCloudMessaging
LogPluginManager: Mounting plugin GooglePAD
LogPluginManager: Mounting plugin IOSDeviceProfileSelector
LogPluginManager: Mounting plugin LinuxDeviceProfileSelector
LogPluginManager: Mounting plugin LocationServicesBPLibrary
LogPluginManager: Mounting plugin OpenXR
LogPluginManager: Mounting plugin MobilePatchingUtils
LogPluginManager: Mounting plugin OpenXREyeTracker
LogPluginManager: Mounting plugin OpenXRHandTracking
LogPluginManager: Mounting plugin PhysXVehicles
LogPluginManager: Mounting plugin PostSplashScreen
LogPluginManager: Mounting plugin ProceduralMeshComponent
LogPluginManager: Mounting plugin PropertyAccessEditor
LogPluginManager: Mounting plugin RuntimePhysXCooking
LogPluginManager: Mounting plugin SignificanceManager
LogPluginManager: Mounting plugin SoundFields
LogPluginManager: Mounting plugin ScreenshotTools
LogPluginManager: Mounting plugin Synthesis
LogPluginManager: Mounting plugin WebMMoviePlayer
LogPluginManager: Mounting plugin WindowsMoviePlayer
LogPluginManager: Mounting plugin ContentBrowserAssetDataSource
LogPluginManager: Mounting plugin ContentBrowserFileDataSource
LogPluginManager: Mounting plugin ContentBrowserClassDataSource
LogPluginManager: Mounting plugin OnlineSubsystemGooglePlay
LogPluginManager: Mounting plugin OnlineSubsystemIOS
LogPluginManager: Mounting plugin OculusVR
LogPluginManager: Mounting plugin SteamVR
PixWinPlugin: PIX capture plugin failed to initialize! Check that the process is launched from PIX.
LogInit: Using libcurl 7.55.1-DEV
LogInit:  - built for x86_64-pc-win32
LogInit:  - supports SSL with OpenSSL/1.1.1
LogInit:  - supports HTTP deflate (compression) using libz 1.2.8
LogInit:  - other features:
LogInit:      CURL_VERSION_SSL
LogInit:      CURL_VERSION_LIBZ
LogInit:      CURL_VERSION_IPV6
LogInit:      CURL_VERSION_ASYNCHDNS
LogInit:      CURL_VERSION_LARGEFILE
LogInit:      CURL_VERSION_IDN
LogInit:  CurlRequestOptions (configurable via config and command line):
LogInit:  - bVerifyPeer = true  - Libcurl will verify peer certificate
LogInit:  - bUseHttpProxy = false  - Libcurl will NOT use HTTP proxy
LogInit:  - bDontReuseConnections = false  - Libcurl will reuse connections
LogInit:  - MaxHostConnections = 16  - Libcurl will limit the number of connections to a host
LogInit:  - LocalHostAddr = Default
LogInit:  - BufferSize = 65536
LogOnline: OSS: Creating online subsystem instance for: NULL
LogInit: WinSock: version 1.1 (2.2), MaxSocks=32767, MaxUdp=65467
LogOnline: OSS: TryLoadSubsystemAndSetDefault: Loaded subsystem for module [NULL]
LogOculusPluginWrapper: OculusPlugin initialized successfully
LogHMD: Failed initializing OVRPlugin 1.59.0
LogInit: Build: ++UE4+Release-4.27-CL-17735300
LogInit: Engine Version: 4.27.1-17735300+++UE4+Release-4.27
LogInit: Compatible Engine Version: 4.27.0-17155196+++UE4+Release-4.27
LogInit: Net CL: 17155196
LogInit: OS: Windows 10 (Release 2009) (), CPU: Intel(R) Core(TM) i7-8700 CPU @ 3.20GHz, GPU: NVIDIA GeForce GTX 1070
LogInit: Compiled (64-bit): Oct  6 2021 14:42:51
LogInit: Compiled with Visual C++: 19.24.28315.00
LogInit: Build Configuration: Development
LogInit: Branch Name: ++UE4+Release-4.27
LogInit: Command Line: 
LogInit: Base Directory: D:/Epic Games/UE_4.27/Engine/Binaries/Win64/
LogInit: Allocator: TBB
LogInit: Installed Engine Build: 1
LogDevObjectVersion: Number of dev versions registered: 29
LogDevObjectVersion:   Dev-Blueprints (B0D832E4-1F89-4F0D-ACCF-7EB736FD4AA2): 10
LogDevObjectVersion:   Dev-Build (E1C64328-A22C-4D53-A36C-8E866417BD8C): 0
LogDevObjectVersion:   Dev-Core (375EC13C-06E4-48FB-B500-84F0262A717E): 4
LogDevObjectVersion:   Dev-Editor (E4B068ED-F494-42E9-A231-DA0B2E46BB41): 40
LogDevObjectVersion:   Dev-Framework (CFFC743F-43B0-4480-9391-14DF171D2073): 37
LogDevObjectVersion:   Dev-Mobile (B02B49B5-BB20-44E9-A304-32B752E40360): 3
LogDevObjectVersion:   Dev-Networking (A4E4105C-59A1-49B5-A7C5-40C4547EDFEE): 0
LogDevObjectVersion:   Dev-Online (39C831C9-5AE6-47DC-9A44-9C173E1C8E7C): 0
LogDevObjectVersion:   Dev-Physics (78F01B33-EBEA-4F98-B9B4-84EACCB95AA2): 14
LogDevObjectVersion:   Dev-Platform (6631380F-2D4D-43E0-8009-CF276956A95A): 0
LogDevObjectVersion:   Dev-Rendering (12F88B9F-8875-4AFC-A67C-D90C383ABD29): 45
LogDevObjectVersion:   Dev-Sequencer (7B5AE74C-D270-4C10-A958-57980B212A5A): 13
LogDevObjectVersion:   Dev-VR (D7296918-1DD6-4BDD-9DE2-64A83CC13884): 3
LogDevObjectVersion:   Dev-LoadTimes (C2A15278-BFE7-4AFE-6C17-90FF531DF755): 1
LogDevObjectVersion:   Private-Geometry (6EACA3D4-40EC-4CC1-B786-8BED09428FC5): 3
LogDevObjectVersion:   Dev-AnimPhys (29E575DD-E0A3-4627-9D10-D276232CDCEA): 17
LogDevObjectVersion:   Dev-Anim (AF43A65D-7FD3-4947-9873-3E8ED9C1BB05): 15
LogDevObjectVersion:   Dev-ReflectionCapture (6B266CEC-1EC7-4B8F-A30B-E4D90942FC07): 1
LogDevObjectVersion:   Dev-Automation (0DF73D61-A23F-47EA-B727-89E90C41499A): 1
LogDevObjectVersion:   FortniteMain (601D1886-AC64-4F84-AA16-D3DE0DEAC7D6): 47
LogDevObjectVersion:   FortniteRelease (E7086368-6B23-4C58-8439-1B7016265E91): 1
LogDevObjectVersion:   Dev-Enterprise (9DFFBCD6-494F-0158-E221-12823C92A888): 10
LogDevObjectVersion:   Dev-Niagara (F2AED0AC-9AFE-416F-8664-AA7FFA26D6FC): 1
LogDevObjectVersion:   Dev-Destruction (174F1F0B-B4C6-45A5-B13F-2EE8D0FB917D): 10
LogDevObjectVersion:   Dev-Physics-Ext (35F94A83-E258-406C-A318-09F59610247C): 41
LogDevObjectVersion:   Dev-PhysicsMaterial-Chaos (B68FC16E-8B1B-42E2-B453-215C058844FE): 1
LogDevObjectVersion:   Dev-CineCamera (B2E18506-4273-CFC2-A54E-F4BB758BBA07): 1
LogDevObjectVersion:   Dev-VirtualProduction (64F58936-FD1B-42BA-BA96-7289D5D0FA4E): 1
LogDevObjectVersion:   Dev-MediaFramework (6F0ED827-A609-4895-9C91-998D90180EA4): 2
LogInit: Presizing for max 25165824 objects, including 0 objects not considered by GC, pre-allocating 0 bytes for permanent pool.
LogConfig: Applying CVar settings from Section [/Script/Engine.StreamingSettings] File [C:/Users/Laura/Documents/GitHub/IPMU_GrupoC/SEALER/Saved/Config/Windows/Engine.ini]
LogConfig: Setting CVar [[s.MinBulkDataSizeForAsyncLoading:131072]]
LogConfig: Setting CVar [[s.AsyncLoadingThreadEnabled:0]]
LogConfig: Setting CVar [[s.EventDrivenLoaderEnabled:1]]
LogConfig: Setting CVar [[s.WarnIfTimeLimitExceeded:0]]
LogConfig: Setting CVar [[s.TimeLimitExceededMultiplier:1.5]]
LogConfig: Setting CVar [[s.TimeLimitExceededMinTime:0.005]]
LogConfig: Setting CVar [[s.UseBackgroundLevelStreaming:1]]
LogConfig: Setting CVar [[s.PriorityAsyncLoadingExtraTime:15.0]]
LogConfig: Setting CVar [[s.LevelStreamingActorsUpdateTimeLimit:5.0]]
LogConfig: Setting CVar [[s.PriorityLevelStreamingActorsUpdateExtraTime:5.0]]
LogConfig: Setting CVar [[s.LevelStreamingComponentsRegistrationGranularity:10]]
LogConfig: Setting CVar [[s.UnregisterComponentsTimeLimit:1.0]]
LogConfig: Setting CVar [[s.LevelStreamingComponentsUnregistrationGranularity:5]]
LogConfig: Setting CVar [[s.FlushStreamingOnExit:1]]
LogInit: Object subsystem initialized
LogConfig: Setting CVar [[con.DebugEarlyDefault:1]]
LogConfig: Setting CVar [[r.setres:1280x720]]
[2021.11.23-23.30.18:765][  0]LogConfig: Setting CVar [[r.VSync:0]]
[2021.11.23-23.30.18:765][  0]LogConfig: Setting CVar [[r.RHICmdBypass:0]]
[2021.11.23-23.30.18:765][  0]LogConfig: Applying CVar settings from Section [/Script/Engine.RendererSettings] File [C:/Users/Laura/Documents/GitHub/IPMU_GrupoC/SEALER/Saved/Config/Windows/Engine.ini]
[2021.11.23-23.30.18:765][  0]LogConfig: Setting CVar [[r.GPUCrashDebugging:0]]
[2021.11.23-23.30.18:765][  0]LogConfig: Applying CVar settings from Section [/Script/Engine.RendererOverrideSettings] File [C:/Users/Laura/Documents/GitHub/IPMU_GrupoC/SEALER/Saved/Config/Windows/Engine.ini]
[2021.11.23-23.30.18:765][  0]LogConfig: Applying CVar settings from Section [/Script/Engine.StreamingSettings] File [C:/Users/Laura/Documents/GitHub/IPMU_GrupoC/SEALER/Saved/Config/Windows/Engine.ini]
[2021.11.23-23.30.18:765][  0]LogConfig: Setting CVar [[s.MinBulkDataSizeForAsyncLoading:131072]]
[2021.11.23-23.30.18:765][  0]LogConfig: Setting CVar [[s.AsyncLoadingThreadEnabled:0]]
[2021.11.23-23.30.18:765][  0]LogConfig: Setting CVar [[s.EventDrivenLoaderEnabled:1]]
[2021.11.23-23.30.18:765][  0]LogConfig: Setting CVar [[s.WarnIfTimeLimitExceeded:0]]
[2021.11.23-23.30.18:765][  0]LogConfig: Setting CVar [[s.TimeLimitExceededMultiplier:1.5]]
[2021.11.23-23.30.18:765][  0]LogConfig: Setting CVar [[s.TimeLimitExceededMinTime:0.005]]
[2021.11.23-23.30.18:765][  0]LogConfig: Setting CVar [[s.UseBackgroundLevelStreaming:1]]
[2021.11.23-23.30.18:765][  0]LogConfig: Setting CVar [[s.PriorityAsyncLoadingExtraTime:15.0]]
[2021.11.23-23.30.18:765][  0]LogConfig: Setting CVar [[s.LevelStreamingActorsUpdateTimeLimit:5.0]]
[2021.11.23-23.30.18:765][  0]LogConfig: Setting CVar [[s.PriorityLevelStreamingActorsUpdateExtraTime:5.0]]
[2021.11.23-23.30.18:765][  0]LogConfig: Setting CVar [[s.LevelStreamingComponentsRegistrationGranularity:10]]
[2021.11.23-23.30.18:765][  0]LogConfig: Setting CVar [[s.UnregisterComponentsTimeLimit:1.0]]
[2021.11.23-23.30.18:765][  0]LogConfig: Setting CVar [[s.LevelStreamingComponentsUnregistrationGranularity:5]]
[2021.11.23-23.30.18:765][  0]LogConfig: Setting CVar [[s.FlushStreamingOnExit:1]]
[2021.11.23-23.30.18:765][  0]LogConfig: Applying CVar settings from Section [/Script/Engine.GarbageCollectionSettings] File [C:/Users/Laura/Documents/GitHub/IPMU_GrupoC/SEALER/Saved/Config/Windows/Engine.ini]
[2021.11.23-23.30.18:765][  0]LogConfig: Setting CVar [[gc.MaxObjectsNotConsideredByGC:1]]
[2021.11.23-23.30.18:765][  0]LogConfig: Setting CVar [[gc.SizeOfPermanentObjectPool:0]]
[2021.11.23-23.30.18:765][  0]LogConfig: Setting CVar [[gc.FlushStreamingOnGC:0]]
[2021.11.23-23.30.18:765][  0]LogConfig: Setting CVar [[gc.NumRetriesBeforeForcingGC:10]]
[2021.11.23-23.30.18:765][  0]LogConfig: Setting CVar [[gc.AllowParallelGC:1]]
[2021.11.23-23.30.18:765][  0]LogConfig: Setting CVar [[gc.TimeBetweenPurgingPendingKillObjects:61.1]]
[2021.11.23-23.30.18:765][  0]LogConfig: Setting CVar [[gc.MaxObjectsInEditor:25165824]]
[2021.11.23-23.30.18:765][  0]LogConfig: Setting CVar [[gc.IncrementalBeginDestroyEnabled:1]]
[2021.11.23-23.30.18:765][  0]LogConfig: Setting CVar [[gc.CreateGCClusters:1]]
[2021.11.23-23.30.18:765][  0]LogConfig: Setting CVar [[gc.MinGCClusterSize:5]]
[2021.11.23-23.30.18:765][  0]LogConfig: Setting CVar [[gc.ActorClusteringEnabled:0]]
[2021.11.23-23.30.18:766][  0]LogConfig: Setting CVar [[gc.BlueprintClusteringEnabled:0]]
[2021.11.23-23.30.18:766][  0]LogConfig: Setting CVar [[gc.UseDisregardForGCOnDedicatedServers:0]]
[2021.11.23-23.30.18:766][  0]LogConfig: Setting CVar [[gc.MultithreadedDestructionEnabled:1]]
[2021.11.23-23.30.18:766][  0]LogConfig: Applying CVar settings from Section [/Script/Engine.NetworkSettings] File [C:/Users/Laura/Documents/GitHub/IPMU_GrupoC/SEALER/Saved/Config/Windows/Engine.ini]
[2021.11.23-23.30.18:766][  0]LogConfig: Applying CVar settings from Section [/Script/UnrealEd.CookerSettings] File [C:/Users/Laura/Documents/GitHub/IPMU_GrupoC/SEALER/Saved/Config/Windows/Engine.ini]
[2021.11.23-23.30.18:771][  0]LogConfig: Applying CVar settings from Section [ViewDistanceQuality@3] File [C:/Users/Laura/Documents/GitHub/IPMU_GrupoC/SEALER/Saved/Config/Windows/Scalability.ini]
[2021.11.23-23.30.18:771][  0]LogConfig: Setting CVar [[r.SkeletalMeshLODBias:0]]
[2021.11.23-23.30.18:771][  0]LogConfig: Setting CVar [[r.ViewDistanceScale:1.0]]
[2021.11.23-23.30.18:771][  0]LogConfig: Applying CVar settings from Section [AntiAliasingQuality@3] File [C:/Users/Laura/Documents/GitHub/IPMU_GrupoC/SEALER/Saved/Config/Windows/Scalability.ini]
[2021.11.23-23.30.18:771][  0]LogConfig: Setting CVar [[r.PostProcessAAQuality:4]]
[2021.11.23-23.30.18:771][  0]LogConfig: Applying CVar settings from Section [ShadowQuality@3] File [C:/Users/Laura/Documents/GitHub/IPMU_GrupoC/SEALER/Saved/Config/Windows/Scalability.ini]
[2021.11.23-23.30.18:771][  0]LogConfig: Setting CVar [[r.LightFunctionQuality:1]]
[2021.11.23-23.30.18:771][  0]LogConfig: Setting CVar [[r.ShadowQuality:5]]
[2021.11.23-23.30.18:771][  0]LogConfig: Setting CVar [[r.Shadow.CSM.MaxCascades:10]]
[2021.11.23-23.30.18:771][  0]LogConfig: Setting CVar [[r.Shadow.MaxResolution:2048]]
[2021.11.23-23.30.18:771][  0]LogConfig: Setting CVar [[r.Shadow.MaxCSMResolution:2048]]
[2021.11.23-23.30.18:771][  0]LogConfig: Setting CVar [[r.Shadow.RadiusThreshold:0.01]]
[2021.11.23-23.30.18:771][  0]LogConfig: Setting CVar [[r.Shadow.DistanceScale:1.0]]
[2021.11.23-23.30.18:771][  0]LogConfig: Setting CVar [[r.Shadow.CSM.TransitionScale:1.0]]
[2021.11.23-23.30.18:771][  0]LogConfig: Setting CVar [[r.Shadow.PreShadowResolutionFactor:1.0]]
[2021.11.23-23.30.18:771][  0]LogConfig: Setting CVar [[r.DistanceFieldShadowing:1]]
[2021.11.23-23.30.18:771][  0]LogConfig: Setting CVar [[r.DistanceFieldAO:1]]
[2021.11.23-23.30.18:771][  0]LogConfig: Setting CVar [[r.AOQuality:2]]
[2021.11.23-23.30.18:771][  0]LogConfig: Setting CVar [[r.VolumetricFog:1]]
[2021.11.23-23.30.18:771][  0]LogConfig: Setting CVar [[r.VolumetricFog.GridPixelSize:8]]
[2021.11.23-23.30.18:771][  0]LogConfig: Setting CVar [[r.VolumetricFog.GridSizeZ:128]]
[2021.11.23-23.30.18:771][  0]LogConfig: Setting CVar [[r.VolumetricFog.HistoryMissSupersampleCount:4]]
[2021.11.23-23.30.18:771][  0]LogConfig: Setting CVar [[r.LightMaxDrawDistanceScale:1]]
[2021.11.23-23.30.18:771][  0]LogConfig: Setting CVar [[r.CapsuleShadows:1]]
[2021.11.23-23.30.18:771][  0]LogConfig: Applying CVar settings from Section [PostProcessQuality@3] File [C:/Users/Laura/Documents/GitHub/IPMU_GrupoC/SEALER/Saved/Config/Windows/Scalability.ini]
[2021.11.23-23.30.18:771][  0]LogConfig: Setting CVar [[r.MotionBlurQuality:4]]
[2021.11.23-23.30.18:771][  0]LogConfig: Setting CVar [[r.AmbientOcclusionMipLevelFactor:0.4]]
[2021.11.23-23.30.18:771][  0]LogConfig: Setting CVar [[r.AmbientOcclusionMaxQuality:100]]
[2021.11.23-23.30.18:771][  0]LogConfig: Setting CVar [[r.AmbientOcclusionLevels:-1]]
[2021.11.23-23.30.18:771][  0]LogConfig: Setting CVar [[r.AmbientOcclusionRadiusScale:1.0]]
[2021.11.23-23.30.18:771][  0]LogConfig: Setting CVar [[r.DepthOfFieldQuality:2]]
[2021.11.23-23.30.18:771][  0]LogConfig: Setting CVar [[r.RenderTargetPoolMin:400]]
[2021.11.23-23.30.18:771][  0]LogConfig: Setting CVar [[r.LensFlareQuality:2]]
[2021.11.23-23.30.18:772][  0]LogConfig: Setting CVar [[r.SceneColorFringeQuality:1]]
[2021.11.23-23.30.18:772][  0]LogConfig: Setting CVar [[r.EyeAdaptationQuality:2]]
[2021.11.23-23.30.18:772][  0]LogConfig: Setting CVar [[r.BloomQuality:5]]
[2021.11.23-23.30.18:772][  0]LogConfig: Setting CVar [[r.FastBlurThreshold:100]]
[2021.11.23-23.30.18:772][  0]LogConfig: Setting CVar [[r.Upscale.Quality:3]]
[2021.11.23-23.30.18:772][  0]LogConfig: Setting CVar [[r.Tonemapper.GrainQuantization:1]]
[2021.11.23-23.30.18:772][  0]LogConfig: Setting CVar [[r.LightShaftQuality:1]]
[2021.11.23-23.30.18:772][  0]LogConfig: Setting CVar [[r.Filter.SizeScale:1]]
[2021.11.23-23.30.18:772][  0]LogConfig: Setting CVar [[r.Tonemapper.Quality:5]]
[2021.11.23-23.30.18:772][  0]LogConfig: Setting CVar [[r.DOF.Gather.AccumulatorQuality:1        ; higher gathering accumulator quality]]
[2021.11.23-23.30.18:772][  0]LogConfig: Setting CVar [[r.DOF.Gather.PostfilterMethod:1          ; Median3x3 postfilering method]]
[2021.11.23-23.30.18:772][  0]LogConfig: Setting CVar [[r.DOF.Gather.EnableBokehSettings:0       ; no bokeh simulation when gathering]]
[2021.11.23-23.30.18:772][  0]LogConfig: Setting CVar [[r.DOF.Gather.RingCount:4                 ; medium number of samples when gathering]]
[2021.11.23-23.30.18:772][  0]LogConfig: Setting CVar [[r.DOF.Scatter.ForegroundCompositing:1    ; additive foreground scattering]]
[2021.11.23-23.30.18:772][  0]LogConfig: Setting CVar [[r.DOF.Scatter.BackgroundCompositing:2    ; additive background scattering]]
[2021.11.23-23.30.18:772][  0]LogConfig: Setting CVar [[r.DOF.Scatter.EnableBokehSettings:1      ; bokeh simulation when scattering]]
[2021.11.23-23.30.18:772][  0]LogConfig: Setting CVar [[r.DOF.Scatter.MaxSpriteRatio:0.1         ; only a maximum of 10% of scattered bokeh]]
[2021.11.23-23.30.18:772][  0]LogConfig: Setting CVar [[r.DOF.Recombine.Quality:1                ; cheap slight out of focus]]
[2021.11.23-23.30.18:772][  0]LogConfig: Setting CVar [[r.DOF.Recombine.EnableBokehSettings:0    ; no bokeh simulation on slight out of focus]]
[2021.11.23-23.30.18:772][  0]LogConfig: Setting CVar [[r.DOF.TemporalAAQuality:1                ; more stable temporal accumulation]]
[2021.11.23-23.30.18:772][  0]LogConfig: Setting CVar [[r.DOF.Kernel.MaxForegroundRadius:0.025]]
[2021.11.23-23.30.18:772][  0]LogConfig: Setting CVar [[r.DOF.Kernel.MaxBackgroundRadius:0.025]]
[2021.11.23-23.30.18:772][  0]LogConfig: Applying CVar settings from Section [TextureQuality@3] File [C:/Users/Laura/Documents/GitHub/IPMU_GrupoC/SEALER/Saved/Config/Windows/Scalability.ini]
[2021.11.23-23.30.18:772][  0]LogConfig: Setting CVar [[r.Streaming.MipBias:0]]
[2021.11.23-23.30.18:772][  0]LogConfig: Setting CVar [[r.Streaming.AmortizeCPUToGPUCopy:0]]
[2021.11.23-23.30.18:772][  0]LogConfig: Setting CVar [[r.Streaming.MaxNumTexturesToStreamPerFrame:0]]
[2021.11.23-23.30.18:772][  0]LogConfig: Setting CVar [[r.Streaming.Boost:1]]
[2021.11.23-23.30.18:772][  0]LogConfig: Setting CVar [[r.MaxAnisotropy:8]]
[2021.11.23-23.30.18:772][  0]LogConfig: Setting CVar [[r.VT.MaxAnisotropy:8]]
[2021.11.23-23.30.18:772][  0]LogConfig: Setting CVar [[r.Streaming.LimitPoolSizeToVRAM:0]]
[2021.11.23-23.30.18:772][  0]LogConfig: Setting CVar [[r.Streaming.PoolSize:1000]]
[2021.11.23-23.30.18:772][  0]LogConfig: Setting CVar [[r.Streaming.MaxEffectiveScreenSize:0]]
[2021.11.23-23.30.18:772][  0]LogConfig: Applying CVar settings from Section [EffectsQuality@3] File [C:/Users/Laura/Documents/GitHub/IPMU_GrupoC/SEALER/Saved/Config/Windows/Scalability.ini]
[2021.11.23-23.30.18:772][  0]LogConfig: Setting CVar [[r.TranslucencyLightingVolumeDim:64]]
[2021.11.23-23.30.18:772][  0]LogConfig: Setting CVar [[r.RefractionQuality:2]]
[2021.11.23-23.30.18:772][  0]LogConfig: Setting CVar [[r.SSR.Quality:3]]
[2021.11.23-23.30.18:772][  0]LogConfig: Setting CVar [[r.SSR.HalfResSceneColor:0]]
[2021.11.23-23.30.18:772][  0]LogConfig: Setting CVar [[r.SceneColorFormat:4]]
[2021.11.23-23.30.18:772][  0]LogConfig: Setting CVar [[r.DetailMode:2]]
[2021.11.23-23.30.18:772][  0]LogConfig: Setting CVar [[r.TranslucencyVolumeBlur:1]]
[2021.11.23-23.30.18:772][  0]LogConfig: Setting CVar [[r.MaterialQualityLevel:1 ; High quality]]
[2021.11.23-23.30.18:772][  0]LogConfig: Setting CVar [[r.AnisotropicMaterials:1]]
[2021.11.23-23.30.18:772][  0]LogConfig: Setting CVar [[r.SSS.Scale:1]]
[2021.11.23-23.30.18:772][  0]LogConfig: Setting CVar [[r.SSS.SampleSet:2]]
[2021.11.23-23.30.18:772][  0]LogConfig: Setting CVar [[r.SSS.Quality:1]]
[2021.11.23-23.30.18:772][  0]LogConfig: Setting CVar [[r.SSS.HalfRes:0]]
[2021.11.23-23.30.18:772][  0]LogConfig: Setting CVar [[r.SSGI.Quality:3]]
[2021.11.23-23.30.18:772][  0]LogConfig: Setting CVar [[r.EmitterSpawnRateScale:1.0]]
[2021.11.23-23.30.18:772][  0]LogConfig: Setting CVar [[r.ParticleLightQuality:2]]
[2021.11.23-23.30.18:772][  0]LogConfig: Setting CVar [[r.SkyAtmosphere.AerialPerspectiveLUT.FastApplyOnOpaque:1 ; Always have FastSkyLUT 1 in this case to avoid wrong sky]]
[2021.11.23-23.30.18:772][  0]LogConfig: Setting CVar [[r.SkyAtmosphere.AerialPerspectiveLUT.SampleCountMaxPerSlice:4]]
[2021.11.23-23.30.18:772][  0]LogConfig: Setting CVar [[r.SkyAtmosphere.AerialPerspectiveLUT.DepthResolution:16.0]]
[2021.11.23-23.30.18:772][  0]LogConfig: Setting CVar [[r.SkyAtmosphere.FastSkyLUT:1]]
[2021.11.23-23.30.18:772][  0]LogConfig: Setting CVar [[r.SkyAtmosphere.FastSkyLUT.SampleCountMin:4.0]]
[2021.11.23-23.30.18:772][  0]LogConfig: Setting CVar [[r.SkyAtmosphere.FastSkyLUT.SampleCountMax:128.0]]
[2021.11.23-23.30.18:772][  0]LogConfig: Setting CVar [[r.SkyAtmosphere.SampleCountMin:4.0]]
[2021.11.23-23.30.18:772][  0]LogConfig: Setting CVar [[r.SkyAtmosphere.SampleCountMax:128.0]]
[2021.11.23-23.30.18:772][  0]LogConfig: Setting CVar [[r.SkyAtmosphere.TransmittanceLUT.UseSmallFormat:0]]
[2021.11.23-23.30.18:772][  0]LogConfig: Setting CVar [[r.SkyAtmosphere.TransmittanceLUT.SampleCount:10.0]]
[2021.11.23-23.30.18:772][  0]LogConfig: Setting CVar [[r.SkyAtmosphere.MultiScatteringLUT.SampleCount:15.0]]
[2021.11.23-23.30.18:772][  0]LogConfig: Setting CVar [[r.SkyLight.RealTimeReflectionCapture:1]]
[2021.11.23-23.30.18:772][  0]LogConfig: Applying CVar settings from Section [FoliageQuality@3] File [C:/Users/Laura/Documents/GitHub/IPMU_GrupoC/SEALER/Saved/Config/Windows/Scalability.ini]
[2021.11.23-23.30.18:772][  0]LogConfig: Setting CVar [[foliage.DensityScale:1.0]]
[2021.11.23-23.30.18:772][  0]LogConfig: Setting CVar [[grass.DensityScale:1.0]]
[2021.11.23-23.30.18:772][  0]LogConfig: Applying CVar settings from Section [ShadingQuality@3] File [C:/Users/Laura/Documents/GitHub/IPMU_GrupoC/SEALER/Saved/Config/Windows/Scalability.ini]
[2021.11.23-23.30.18:772][  0]LogConfig: Setting CVar [[r.HairStrands.SkyLighting.IntegrationType:2]]
[2021.11.23-23.30.18:772][  0]LogConfig: Setting CVar [[r.HairStrands.SkyAO.SampleCount:4]]
[2021.11.23-23.30.18:772][  0]LogConfig: Setting CVar [[r.HairStrands.Visibility.MSAA.SamplePerPixel:4]]
[2021.11.23-23.30.18:772][  0]LogInit: Selected Device Profile: [Windows]
[2021.11.23-23.30.18:772][  0]LogInit: Applying CVar settings loaded from the selected device profile: [Windows]
[2021.11.23-23.30.18:772][  0]LogHAL: Display: Platform has ~ 16 GB [17100935168 / 17179869184 / 16], which maps to Larger [LargestMinGB=32, LargerMinGB=12, DefaultMinGB=8, SmallerMinGB=6, SmallestMinGB=0)
[2021.11.23-23.30.18:772][  0]LogInit: Going up to parent DeviceProfile []
[2021.11.23-23.30.18:772][  0]LogConfig: Applying CVar settings from Section [ViewDistanceQuality@3] File [C:/Users/Laura/Documents/GitHub/IPMU_GrupoC/SEALER/Saved/Config/Windows/Scalability.ini]
[2021.11.23-23.30.18:772][  0]LogConfig: Setting CVar [[r.SkeletalMeshLODBias:0]]
[2021.11.23-23.30.18:772][  0]LogConfig: Setting CVar [[r.ViewDistanceScale:1.0]]
[2021.11.23-23.30.18:772][  0]LogConfig: Applying CVar settings from Section [AntiAliasingQuality@3] File [C:/Users/Laura/Documents/GitHub/IPMU_GrupoC/SEALER/Saved/Config/Windows/Scalability.ini]
[2021.11.23-23.30.18:772][  0]LogConfig: Setting CVar [[r.PostProcessAAQuality:4]]
[2021.11.23-23.30.18:772][  0]LogConfig: Applying CVar settings from Section [ShadowQuality@3] File [C:/Users/Laura/Documents/GitHub/IPMU_GrupoC/SEALER/Saved/Config/Windows/Scalability.ini]
[2021.11.23-23.30.18:772][  0]LogConfig: Setting CVar [[r.LightFunctionQuality:1]]
[2021.11.23-23.30.18:772][  0]LogConfig: Setting CVar [[r.ShadowQuality:5]]
[2021.11.23-23.30.18:772][  0]LogConfig: Setting CVar [[r.Shadow.CSM.MaxCascades:10]]
[2021.11.23-23.30.18:772][  0]LogConfig: Setting CVar [[r.Shadow.MaxResolution:2048]]
[2021.11.23-23.30.18:772][  0]LogConfig: Setting CVar [[r.Shadow.MaxCSMResolution:2048]]
[2021.11.23-23.30.18:772][  0]LogConfig: Setting CVar [[r.Shadow.RadiusThreshold:0.01]]
[2021.11.23-23.30.18:772][  0]LogConfig: Setting CVar [[r.Shadow.DistanceScale:1.0]]
[2021.11.23-23.30.18:773][  0]LogConfig: Setting CVar [[r.Shadow.CSM.TransitionScale:1.0]]
[2021.11.23-23.30.18:773][  0]LogConfig: Setting CVar [[r.Shadow.PreShadowResolutionFactor:1.0]]
[2021.11.23-23.30.18:773][  0]LogConfig: Setting CVar [[r.DistanceFieldShadowing:1]]
[2021.11.23-23.30.18:773][  0]LogConfig: Setting CVar [[r.DistanceFieldAO:1]]
[2021.11.23-23.30.18:773][  0]LogConfig: Setting CVar [[r.AOQuality:2]]
[2021.11.23-23.30.18:773][  0]LogConfig: Setting CVar [[r.VolumetricFog:1]]
[2021.11.23-23.30.18:773][  0]LogConfig: Setting CVar [[r.VolumetricFog.GridPixelSize:8]]
[2021.11.23-23.30.18:773][  0]LogConfig: Setting CVar [[r.VolumetricFog.GridSizeZ:128]]
[2021.11.23-23.30.18:773][  0]LogConfig: Setting CVar [[r.VolumetricFog.HistoryMissSupersampleCount:4]]
[2021.11.23-23.30.18:773][  0]LogConfig: Setting CVar [[r.LightMaxDrawDistanceScale:1]]
[2021.11.23-23.30.18:773][  0]LogConfig: Setting CVar [[r.CapsuleShadows:1]]
[2021.11.23-23.30.18:773][  0]LogConfig: Applying CVar settings from Section [PostProcessQuality@3] File [C:/Users/Laura/Documents/GitHub/IPMU_GrupoC/SEALER/Saved/Config/Windows/Scalability.ini]
[2021.11.23-23.30.18:773][  0]LogConfig: Setting CVar [[r.MotionBlurQuality:4]]
[2021.11.23-23.30.18:773][  0]LogConfig: Setting CVar [[r.AmbientOcclusionMipLevelFactor:0.4]]
[2021.11.23-23.30.18:773][  0]LogConfig: Setting CVar [[r.AmbientOcclusionMaxQuality:100]]
[2021.11.23-23.30.18:773][  0]LogConfig: Setting CVar [[r.AmbientOcclusionLevels:-1]]
[2021.11.23-23.30.18:773][  0]LogConfig: Setting CVar [[r.AmbientOcclusionRadiusScale:1.0]]
[2021.11.23-23.30.18:773][  0]LogConfig: Setting CVar [[r.DepthOfFieldQuality:2]]
[2021.11.23-23.30.18:773][  0]LogConfig: Setting CVar [[r.RenderTargetPoolMin:400]]
[2021.11.23-23.30.18:773][  0]LogConfig: Setting CVar [[r.LensFlareQuality:2]]
[2021.11.23-23.30.18:773][  0]LogConfig: Setting CVar [[r.SceneColorFringeQuality:1]]
[2021.11.23-23.30.18:773][  0]LogConfig: Setting CVar [[r.EyeAdaptationQuality:2]]
[2021.11.23-23.30.18:773][  0]LogConfig: Setting CVar [[r.BloomQuality:5]]
[2021.11.23-23.30.18:773][  0]LogConfig: Setting CVar [[r.FastBlurThreshold:100]]
[2021.11.23-23.30.18:773][  0]LogConfig: Setting CVar [[r.Upscale.Quality:3]]
[2021.11.23-23.30.18:773][  0]LogConfig: Setting CVar [[r.Tonemapper.GrainQuantization:1]]
[2021.11.23-23.30.18:773][  0]LogConfig: Setting CVar [[r.LightShaftQuality:1]]
[2021.11.23-23.30.18:773][  0]LogConfig: Setting CVar [[r.Filter.SizeScale:1]]
[2021.11.23-23.30.18:773][  0]LogConfig: Setting CVar [[r.Tonemapper.Quality:5]]
[2021.11.23-23.30.18:773][  0]LogConfig: Setting CVar [[r.DOF.Gather.AccumulatorQuality:1        ; higher gathering accumulator quality]]
[2021.11.23-23.30.18:773][  0]LogConfig: Setting CVar [[r.DOF.Gather.PostfilterMethod:1          ; Median3x3 postfilering method]]
[2021.11.23-23.30.18:773][  0]LogConfig: Setting CVar [[r.DOF.Gather.EnableBokehSettings:0       ; no bokeh simulation when gathering]]
[2021.11.23-23.30.18:773][  0]LogConfig: Setting CVar [[r.DOF.Gather.RingCount:4                 ; medium number of samples when gathering]]
[2021.11.23-23.30.18:773][  0]LogConfig: Setting CVar [[r.DOF.Scatter.ForegroundCompositing:1    ; additive foreground scattering]]
[2021.11.23-23.30.18:773][  0]LogConfig: Setting CVar [[r.DOF.Scatter.BackgroundCompositing:2    ; additive background scattering]]
[2021.11.23-23.30.18:773][  0]LogConfig: Setting CVar [[r.DOF.Scatter.EnableBokehSettings:1      ; bokeh simulation when scattering]]
[2021.11.23-23.30.18:773][  0]LogConfig: Setting CVar [[r.DOF.Scatter.MaxSpriteRatio:0.1         ; only a maximum of 10% of scattered bokeh]]
[2021.11.23-23.30.18:773][  0]LogConfig: Setting CVar [[r.DOF.Recombine.Quality:1                ; cheap slight out of focus]]
[2021.11.23-23.30.18:773][  0]LogConfig: Setting CVar [[r.DOF.Recombine.EnableBokehSettings:0    ; no bokeh simulation on slight out of focus]]
[2021.11.23-23.30.18:773][  0]LogConfig: Setting CVar [[r.DOF.TemporalAAQuality:1                ; more stable temporal accumulation]]
[2021.11.23-23.30.18:773][  0]LogConfig: Setting CVar [[r.DOF.Kernel.MaxForegroundRadius:0.025]]
[2021.11.23-23.30.18:773][  0]LogConfig: Setting CVar [[r.DOF.Kernel.MaxBackgroundRadius:0.025]]
[2021.11.23-23.30.18:773][  0]LogConfig: Applying CVar settings from Section [TextureQuality@3] File [C:/Users/Laura/Documents/GitHub/IPMU_GrupoC/SEALER/Saved/Config/Windows/Scalability.ini]
[2021.11.23-23.30.18:773][  0]LogConfig: Setting CVar [[r.Streaming.MipBias:0]]
[2021.11.23-23.30.18:773][  0]LogConfig: Setting CVar [[r.Streaming.AmortizeCPUToGPUCopy:0]]
[2021.11.23-23.30.18:773][  0]LogConfig: Setting CVar [[r.Streaming.MaxNumTexturesToStreamPerFrame:0]]
[2021.11.23-23.30.18:773][  0]LogConfig: Setting CVar [[r.Streaming.Boost:1]]
[2021.11.23-23.30.18:773][  0]LogConfig: Setting CVar [[r.MaxAnisotropy:8]]
[2021.11.23-23.30.18:773][  0]LogConfig: Setting CVar [[r.VT.MaxAnisotropy:8]]
[2021.11.23-23.30.18:773][  0]LogConfig: Setting CVar [[r.Streaming.LimitPoolSizeToVRAM:0]]
[2021.11.23-23.30.18:773][  0]LogConfig: Setting CVar [[r.Streaming.PoolSize:1000]]
[2021.11.23-23.30.18:773][  0]LogConfig: Setting CVar [[r.Streaming.MaxEffectiveScreenSize:0]]
[2021.11.23-23.30.18:773][  0]LogConfig: Applying CVar settings from Section [EffectsQuality@3] File [C:/Users/Laura/Documents/GitHub/IPMU_GrupoC/SEALER/Saved/Config/Windows/Scalability.ini]
[2021.11.23-23.30.18:773][  0]LogConfig: Setting CVar [[r.TranslucencyLightingVolumeDim:64]]
[2021.11.23-23.30.18:773][  0]LogConfig: Setting CVar [[r.RefractionQuality:2]]
[2021.11.23-23.30.18:773][  0]LogConfig: Setting CVar [[r.SSR.Quality:3]]
[2021.11.23-23.30.18:773][  0]LogConfig: Setting CVar [[r.SSR.HalfResSceneColor:0]]
[2021.11.23-23.30.18:773][  0]LogConfig: Setting CVar [[r.SceneColorFormat:4]]
[2021.11.23-23.30.18:773][  0]LogConfig: Setting CVar [[r.DetailMode:2]]
[2021.11.23-23.30.18:773][  0]LogConfig: Setting CVar [[r.TranslucencyVolumeBlur:1]]
[2021.11.23-23.30.18:773][  0]LogConfig: Setting CVar [[r.MaterialQualityLevel:1 ; High quality]]
[2021.11.23-23.30.18:773][  0]LogConfig: Setting CVar [[r.AnisotropicMaterials:1]]
[2021.11.23-23.30.18:773][  0]LogConfig: Setting CVar [[r.SSS.Scale:1]]
[2021.11.23-23.30.18:773][  0]LogConfig: Setting CVar [[r.SSS.SampleSet:2]]
[2021.11.23-23.30.18:773][  0]LogConfig: Setting CVar [[r.SSS.Quality:1]]
[2021.11.23-23.30.18:773][  0]LogConfig: Setting CVar [[r.SSS.HalfRes:0]]
[2021.11.23-23.30.18:773][  0]LogConfig: Setting CVar [[r.SSGI.Quality:3]]
[2021.11.23-23.30.18:773][  0]LogConfig: Setting CVar [[r.EmitterSpawnRateScale:1.0]]
[2021.11.23-23.30.18:773][  0]LogConfig: Setting CVar [[r.ParticleLightQuality:2]]
[2021.11.23-23.30.18:773][  0]LogConfig: Setting CVar [[r.SkyAtmosphere.AerialPerspectiveLUT.FastApplyOnOpaque:1 ; Always have FastSkyLUT 1 in this case to avoid wrong sky]]
[2021.11.23-23.30.18:773][  0]LogConfig: Setting CVar [[r.SkyAtmosphere.AerialPerspectiveLUT.SampleCountMaxPerSlice:4]]
[2021.11.23-23.30.18:773][  0]LogConfig: Setting CVar [[r.SkyAtmosphere.AerialPerspectiveLUT.DepthResolution:16.0]]
[2021.11.23-23.30.18:773][  0]LogConfig: Setting CVar [[r.SkyAtmosphere.FastSkyLUT:1]]
[2021.11.23-23.30.18:773][  0]LogConfig: Setting CVar [[r.SkyAtmosphere.FastSkyLUT.SampleCountMin:4.0]]
[2021.11.23-23.30.18:773][  0]LogConfig: Setting CVar [[r.SkyAtmosphere.FastSkyLUT.SampleCountMax:128.0]]
[2021.11.23-23.30.18:773][  0]LogConfig: Setting CVar [[r.SkyAtmosphere.SampleCountMin:4.0]]
[2021.11.23-23.30.18:773][  0]LogConfig: Setting CVar [[r.SkyAtmosphere.SampleCountMax:128.0]]
[2021.11.23-23.30.18:773][  0]LogConfig: Setting CVar [[r.SkyAtmosphere.TransmittanceLUT.UseSmallFormat:0]]
[2021.11.23-23.30.18:773][  0]LogConfig: Setting CVar [[r.SkyAtmosphere.TransmittanceLUT.SampleCount:10.0]]
[2021.11.23-23.30.18:773][  0]LogConfig: Setting CVar [[r.SkyAtmosphere.MultiScatteringLUT.SampleCount:15.0]]
[2021.11.23-23.30.18:773][  0]LogConfig: Setting CVar [[r.SkyLight.RealTimeReflectionCapture:1]]
[2021.11.23-23.30.18:773][  0]LogConfig: Applying CVar settings from Section [FoliageQuality@3] File [C:/Users/Laura/Documents/GitHub/IPMU_GrupoC/SEALER/Saved/Config/Windows/Scalability.ini]
[2021.11.23-23.30.18:773][  0]LogConfig: Setting CVar [[foliage.DensityScale:1.0]]
[2021.11.23-23.30.18:773][  0]LogConfig: Setting CVar [[grass.DensityScale:1.0]]
[2021.11.23-23.30.18:773][  0]LogConfig: Applying CVar settings from Section [ShadingQuality@3] File [C:/Users/Laura/Documents/GitHub/IPMU_GrupoC/SEALER/Saved/Config/Windows/Scalability.ini]
[2021.11.23-23.30.18:773][  0]LogConfig: Setting CVar [[r.HairStrands.SkyLighting.IntegrationType:2]]
[2021.11.23-23.30.18:773][  0]LogConfig: Setting CVar [[r.HairStrands.SkyAO.SampleCount:4]]
[2021.11.23-23.30.18:773][  0]LogConfig: Setting CVar [[r.HairStrands.Visibility.MSAA.SamplePerPixel:4]]
[2021.11.23-23.30.18:773][  0]LogConfig: Applying CVar settings from Section [Startup] File [../../../Engine/Config/ConsoleVariables.ini]
[2021.11.23-23.30.18:774][  0]LogConfig: Setting CVar [[net.UseAdaptiveNetUpdateFrequency:0]]
[2021.11.23-23.30.18:774][  0]LogConfig: Setting CVar [[p.chaos.AllowCreatePhysxBodies:1]]
[2021.11.23-23.30.18:774][  0]LogConfig: Setting CVar [[fx.SkipVectorVMBackendOptimizations:1]]
[2021.11.23-23.30.18:774][  0]LogConfig: Applying CVar settings from Section [ConsoleVariables] File [C:/Users/Laura/Documents/GitHub/IPMU_GrupoC/SEALER/Saved/Config/Windows/Engine.ini]
[2021.11.23-23.30.18:774][  0]LogConfig: Applying CVar settings from Section [ConsoleVariables] File [C:/Users/Laura/Documents/GitHub/IPMU_GrupoC/SEALER/Saved/Config/Windows/Editor.ini]
[2021.11.23-23.30.18:774][  0]LogInit: Computer: WHEEZE
[2021.11.23-23.30.18:774][  0]LogInit: User: Laura
[2021.11.23-23.30.18:774][  0]LogInit: CPU Page size=4096, Cores=6
[2021.11.23-23.30.18:774][  0]LogInit: High frequency timer resolution =10.000000 MHz
[2021.11.23-23.30.18:774][  0]LogMemory: Memory total: Physical=15.9GB (16GB approx)
[2021.11.23-23.30.18:774][  0]LogMemory: Platform Memory Stats for Windows
[2021.11.23-23.30.18:774][  0]LogMemory: Process Physical Memory: 145.04 MB used, 145.05 MB peak
[2021.11.23-23.30.18:774][  0]LogMemory: Process Virtual Memory: 129.83 MB used, 129.83 MB peak
[2021.11.23-23.30.18:774][  0]LogMemory: Physical Memory: 6950.95 MB used,  9357.78 MB free, 16308.72 MB total
[2021.11.23-23.30.18:774][  0]LogMemory: Virtual Memory: 134210720.00 MB used,  7009.64 MB free, 134217728.00 MB total
[2021.11.23-23.30.18:778][  0]LogWindows: WindowsPlatformFeatures enabled
[2021.11.23-23.30.18:797][  0]LogInit: Physics initialised using underlying interface: PhysX
[2021.11.23-23.30.18:798][  0]LogInit: Overriding language with editor language configuration option (en).
[2021.11.23-23.30.18:798][  0]LogInit: Using OS detected locale (es-ES).
[2021.11.23-23.30.18:950][  0]LogInit: Setting process to per monitor DPI aware
[2021.11.23-23.30.18:961][  0]LogWindowsTextInputMethodSystem: Display: IME system deactivated.
[2021.11.23-23.30.18:970][  0]LogSlate: New Slate User Created.  User Index 0, Is Virtual User: 0
[2021.11.23-23.30.18:970][  0]LogSlate: Slate User Registered.  User Index 0, Is Virtual User: 0
[2021.11.23-23.30.19:061][  0]LogD3D11RHI: Loaded GFSDK_Aftermath_Lib.x64.dll
[2021.11.23-23.30.19:063][  0]LogHMD: Failed to initialize OpenVR with code 110
[2021.11.23-23.30.19:063][  0]LogD3D11RHI: D3D11 min allowed feature level: 11_0
[2021.11.23-23.30.19:063][  0]LogD3D11RHI: D3D11 max allowed feature level: 11_0
[2021.11.23-23.30.19:063][  0]LogD3D11RHI: D3D11 adapters:
[2021.11.23-23.30.19:121][  0]LogD3D11RHI:    0. 'NVIDIA GeForce GTX 1070' (Feature Level 11_0)
[2021.11.23-23.30.19:121][  0]LogD3D11RHI:       8088/0/8154 MB DedicatedVideo/DedicatedSystem/SharedSystem, Outputs:1, VendorId:0x10de
[2021.11.23-23.30.19:123][  0]LogD3D11RHI:    1. 'Microsoft Basic Render Driver' (Feature Level 11_0)
[2021.11.23-23.30.19:123][  0]LogD3D11RHI:       0/0/8154 MB DedicatedVideo/DedicatedSystem/SharedSystem, Outputs:0, VendorId:0x1414
[2021.11.23-23.30.19:123][  0]LogD3D11RHI: Chosen D3D11 Adapter:
[2021.11.23-23.30.19:123][  0]LogD3D11RHI:     Description : NVIDIA GeForce GTX 1070
[2021.11.23-23.30.19:123][  0]LogD3D11RHI:     VendorId    : 10de
[2021.11.23-23.30.19:123][  0]LogD3D11RHI:     DeviceId    : 1b81
[2021.11.23-23.30.19:123][  0]LogD3D11RHI:     SubSysId    : 82fb103c
[2021.11.23-23.30.19:123][  0]LogD3D11RHI:     Revision    : 00a1
[2021.11.23-23.30.19:123][  0]LogD3D11RHI:     DedicatedVideoMemory : 8480882688 bytes
[2021.11.23-23.30.19:123][  0]LogD3D11RHI:     DedicatedSystemMemory : 0 bytes
[2021.11.23-23.30.19:123][  0]LogD3D11RHI:     SharedSystemMemory : 8550467584 bytes
[2021.11.23-23.30.19:123][  0]LogD3D11RHI:     AdapterLuid : 0 59375
[2021.11.23-23.30.19:128][  0]LogD3D11RHI: Creating new Direct3DDevice
[2021.11.23-23.30.19:129][  0]LogD3D11RHI:     GPU DeviceId: 0x1b81 (for the marketing name, search the web for "GPU Device Id")
[2021.11.23-23.30.19:129][  0]LogWindows: EnumDisplayDevices:
[2021.11.23-23.30.19:129][  0]LogWindows:    0. 'NVIDIA GeForce GTX 1070' (P:1 D:1)
[2021.11.23-23.30.19:129][  0]LogWindows:    1. 'NVIDIA GeForce GTX 1070' (P:0 D:0)
[2021.11.23-23.30.19:129][  0]LogWindows:    2. 'NVIDIA GeForce GTX 1070' (P:0 D:0)
[2021.11.23-23.30.19:129][  0]LogWindows:    3. 'NVIDIA GeForce GTX 1070' (P:0 D:0)
[2021.11.23-23.30.19:129][  0]LogWindows: DebugString: FoundDriverCount:4 
[2021.11.23-23.30.19:129][  0]LogD3D11RHI:     Adapter Name: NVIDIA GeForce GTX 1070
[2021.11.23-23.30.19:129][  0]LogD3D11RHI:   Driver Version: 431.07 (internal:26.21.14.3107, unified:431.07)
[2021.11.23-23.30.19:129][  0]LogD3D11RHI:      Driver Date: 6-5-2019
[2021.11.23-23.30.19:129][  0]LogRHI: Texture pool is 5661 MB (70% of 8088 MB)
[2021.11.23-23.30.19:130][  0]LogD3D11RHI: Creating D3DDevice using adapter:
[2021.11.23-23.30.19:130][  0]LogD3D11RHI:     Description : NVIDIA GeForce GTX 1070
[2021.11.23-23.30.19:130][  0]LogD3D11RHI:     VendorId    : 10de
[2021.11.23-23.30.19:130][  0]LogD3D11RHI:     DeviceId    : 1b81
[2021.11.23-23.30.19:130][  0]LogD3D11RHI:     SubSysId    : 82fb103c
[2021.11.23-23.30.19:130][  0]LogD3D11RHI:     Revision    : 00a1
[2021.11.23-23.30.19:130][  0]LogD3D11RHI:     DedicatedVideoMemory : 8480882688 bytes
[2021.11.23-23.30.19:130][  0]LogD3D11RHI:     DedicatedSystemMemory : 0 bytes
[2021.11.23-23.30.19:130][  0]LogD3D11RHI:     SharedSystemMemory : 8550467584 bytes
[2021.11.23-23.30.19:130][  0]LogD3D11RHI:     AdapterLuid : 0 59375
[2021.11.23-23.30.19:172][  0]LogD3D11RHI: RHI has support for 64 bit atomics
[2021.11.23-23.30.19:172][  0]LogD3D11RHI: Async texture creation enabled
[2021.11.23-23.30.19:172][  0]LogD3D11RHI: Array index from any shader is supported
[2021.11.23-23.30.19:232][  0]LogD3D11RHI: GPU Timing Frequency: 1000.000000 (Debug: 2 1)
[2021.11.23-23.30.19:267][  0]LogRHI: GeForceNow SDK initialized: 1
[2021.11.23-23.30.19:514][  0]LogTargetPlatformManager: Display: Loaded TargetPlatform 'AllDesktop'
[2021.11.23-23.30.19:531][  0]LogTargetPlatformManager: Display: Loaded TargetPlatform 'Android'
[2021.11.23-23.30.19:531][  0]LogTargetPlatformManager: Display: Loaded TargetPlatform 'Android_ASTC'
[2021.11.23-23.30.19:531][  0]LogTargetPlatformManager: Display: Loaded TargetPlatform 'Android_DXT'
[2021.11.23-23.30.19:531][  0]LogTargetPlatformManager: Display: Loaded TargetPlatform 'Android_ETC2'
[2021.11.23-23.30.19:531][  0]LogTargetPlatformManager: Display: Loaded TargetPlatform 'AndroidClient'
[2021.11.23-23.30.19:531][  0]LogTargetPlatformManager: Display: Loaded TargetPlatform 'Android_ASTCClient'
[2021.11.23-23.30.19:531][  0]LogTargetPlatformManager: Display: Loaded TargetPlatform 'Android_DXTClient'
[2021.11.23-23.30.19:531][  0]LogTargetPlatformManager: Display: Loaded TargetPlatform 'Android_ETC2Client'
[2021.11.23-23.30.19:531][  0]LogTargetPlatformManager: Display: Loaded TargetPlatform 'Android_Multi'
[2021.11.23-23.30.19:531][  0]LogTargetPlatformManager: Display: Loaded TargetPlatform 'Android_MultiClient'
[2021.11.23-23.30.19:544][  0]LogTargetPlatformManager: Display: Loaded TargetPlatform 'IOSClient'
[2021.11.23-23.30.19:544][  0]LogTargetPlatformManager: Display: Loaded TargetPlatform 'IOS'
[2021.11.23-23.30.19:552][  0]LogTargetPlatformManager: Display: Loaded TargetPlatform 'Linux'
[2021.11.23-23.30.19:554][  0]LogTargetPlatformManager: Display: Loaded TargetPlatform 'LinuxNoEditor'
[2021.11.23-23.30.19:557][  0]LogTargetPlatformManager: Display: Loaded TargetPlatform 'LinuxClient'
[2021.11.23-23.30.19:560][  0]LogTargetPlatformManager: Display: Loaded TargetPlatform 'LinuxServer'
[2021.11.23-23.30.19:567][  0]LogTargetPlatformManager: Display: Loaded TargetPlatform 'LinuxAArch64NoEditor'
[2021.11.23-23.30.19:570][  0]LogTargetPlatformManager: Display: Loaded TargetPlatform 'LinuxAArch64Client'
[2021.11.23-23.30.19:573][  0]LogTargetPlatformManager: Display: Loaded TargetPlatform 'LinuxAArch64Server'
[2021.11.23-23.30.19:591][  0]LogTargetPlatformManager: Display: Loaded TargetPlatform 'Lumin'
[2021.11.23-23.30.19:591][  0]LogTargetPlatformManager: Display: Loaded TargetPlatform 'LuminClient'
[2021.11.23-23.30.19:598][  0]LogTargetPlatformManager: Display: Loaded TargetPlatform 'MacNoEditor'
[2021.11.23-23.30.19:601][  0]LogTargetPlatformManager: Display: Loaded TargetPlatform 'Mac'
[2021.11.23-23.30.19:604][  0]LogTargetPlatformManager: Display: Loaded TargetPlatform 'MacClient'
[2021.11.23-23.30.19:607][  0]LogTargetPlatformManager: Display: Loaded TargetPlatform 'MacServer'
[2021.11.23-23.30.19:615][  0]LogTargetPlatformManager: Display: Loaded TargetPlatform 'TVOSClient'
[2021.11.23-23.30.19:615][  0]LogTargetPlatformManager: Display: Loaded TargetPlatform 'TVOS'
[2021.11.23-23.30.19:621][  0]LogTargetPlatformManager: Display: Loaded TargetPlatform 'WindowsNoEditor'
[2021.11.23-23.30.19:624][  0]LogTargetPlatformManager: Display: Loaded TargetPlatform 'Windows'
[2021.11.23-23.30.19:628][  0]LogTargetPlatformManager: Display: Loaded TargetPlatform 'WindowsClient'
[2021.11.23-23.30.19:631][  0]LogTargetPlatformManager: Display: Loaded TargetPlatform 'WindowsServer'
[2021.11.23-23.30.19:631][  0]LogTargetPlatformManager: Display: Building Assets For Windows
[2021.11.23-23.30.19:635][  0]LogAudioDebug: Display: Lib vorbis DLL was dynamically loaded.
[2021.11.23-23.30.19:655][  0]LogTextureFormatOodle: Display: Oodle Texture 2.9.0 init RDO Off
[2021.11.23-23.30.19:677][  0]LogRendererCore: Ray tracing is disabled. Reason: r.RayTracing=0.
[2021.11.23-23.30.19:677][  0]LogShaderCompilers: Guid format shader working directory is -5 characters bigger than the processId version (C:/Users/Laura/Documents/GitHub/IPMU_GrupoC/SEALER/Intermediate/Shaders/WorkingDirectory/13956/).
[2021.11.23-23.30.19:678][  0]LogShaderCompilers: Cleaned the shader compiler working directory 'C:/Users/Laura/AppData/Local/Temp/UnrealShaderWorkingDir/FA839174408F5D97BEE5E2BDDE0B7712/'.
[2021.11.23-23.30.19:678][  0]LogXGEController: Cannot use XGE Controller as Incredibuild is not installed on this machine.
[2021.11.23-23.30.19:678][  0]LogShaderCompilers: Cannot use XGE Shader Compiler as Incredibuild is not installed on this machine.
[2021.11.23-23.30.19:678][  0]LogShaderCompilers: Display: Using Local Shader Compiler.
[2021.11.23-23.30.20:301][  0]LogDerivedDataCache: Display: Max Cache Size: 512 MB
[2021.11.23-23.30.20:349][  0]LogDerivedDataCache: Loaded boot cache 0.05s 94MB C:/Users/Laura/AppData/Local/UnrealEngine/4.27/DerivedDataCache/Boot.ddc.
[2021.11.23-23.30.20:349][  0]LogDerivedDataCache: Display: Loaded Boot cache: C:/Users/Laura/AppData/Local/UnrealEngine/4.27/DerivedDataCache/Boot.ddc
[2021.11.23-23.30.20:349][  0]LogDerivedDataCache: FDerivedDataBackendGraph:  Pak pak cache file C:/Users/Laura/Documents/GitHub/IPMU_GrupoC/SEALER/DerivedDataCache/DDC.ddp not found, will not use a pak cache.
[2021.11.23-23.30.20:349][  0]LogDerivedDataCache: Unable to find inner node Pak for hierarchical cache Hierarchy.
[2021.11.23-23.30.20:349][  0]LogDerivedDataCache: FDerivedDataBackendGraph:  CompressedPak pak cache file C:/Users/Laura/Documents/GitHub/IPMU_GrupoC/SEALER/DerivedDataCache/Compressed.ddp not found, will not use a pak cache.
[2021.11.23-23.30.20:349][  0]LogDerivedDataCache: Unable to find inner node CompressedPak for hierarchical cache Hierarchy.
[2021.11.23-23.30.20:362][  0]LogDerivedDataCache: Display: Pak cache opened for reading ../../../Engine/DerivedDataCache/Compressed.ddp.
[2021.11.23-23.30.20:362][  0]LogDerivedDataCache: FDerivedDataBackendGraph:  EnterprisePak pak cache file ../../../Enterprise/DerivedDataCache/Compressed.ddp not found, will not use a pak cache.
[2021.11.23-23.30.20:362][  0]LogDerivedDataCache: Unable to find inner node EnterprisePak for hierarchical cache Hierarchy.
[2021.11.23-23.30.20:368][  0]LogDerivedDataCache: Speed tests for C:/Users/Laura/AppData/Local/UnrealEngine/Common/DerivedDataCache took 0.01 seconds
[2021.11.23-23.30.20:368][  0]LogDerivedDataCache: Display: Performance to C:/Users/Laura/AppData/Local/UnrealEngine/Common/DerivedDataCache: Latency=0.03ms. RandomReadSpeed=1575.21MBs, RandomWriteSpeed=203.30MBs. Assigned SpeedClass 'Local'
[2021.11.23-23.30.20:368][  0]LogDerivedDataCache: Using Local data cache path C:/Users/Laura/AppData/Local/UnrealEngine/Common/DerivedDataCache: Writable
[2021.11.23-23.30.20:368][  0]LogDerivedDataCache: Shared data cache path not found in *engine.ini, will not use an Shared cache.
[2021.11.23-23.30.20:368][  0]LogDerivedDataCache: Unable to find inner node Shared for hierarchical cache Hierarchy.
[2021.11.23-23.30.20:407][  0]LogSlate: Using FreeType 2.10.0
[2021.11.23-23.30.20:408][  0]LogSlate: SlateFontServices - WITH_FREETYPE: 1, WITH_HARFBUZZ: 1
[2021.11.23-23.30.20:428][  0]LogAssetRegistry: FAssetRegistry took 0.0023 seconds to start up
[2021.11.23-23.30.20:644][  0]LogInit: Selected Device Profile: [Windows]
[2021.11.23-23.30.20:644][  0]LogInit: Active device profile: [0000025344838D00][0000025336A42C40 49] Windows
[2021.11.23-23.30.20:644][  0]LogInit: Profiles: [0000025344838D00][0000025336A42C40 49] Windows, [00000253447FDF00][00000253428DADC0 49] WindowsNoEditor, [0000025344839C00][00000253428DEF40 49] WindowsServer, [00000253447FED00][00000253428E30C0 49] WindowsClient, [000002534483A900][00000253428E7240 49] IOS, [00000253447FD600][00000253428EB3C0 49] iPadAir, [000002534483BE00][0000025344B53540 49] iPadAir2, [0000025344789100][0000025344B6B800 49] IPadPro, [0000025344789200][0000025344B63840 49] iPadAir3, [00000253447FCC00][0000025344BFB9C0 49] iPadAir4, [0000025344789E00][0000025344C17B40 49] iPadMini2, [00000253447FEF00][0000025344C86140 49] iPadMini3, [000002534478B900][0000025344C8A2C0 49] iPadMini4, [00000253447FFE00][0000025344C8E440 49] iPadMini5, [00000253447E8900][0000025335AF6700 49] iPhone6, [00000253447E8A00][0000025344C92740 49] iPodTouch6, [000002534483AE00][0000025339FD6980 49] iPhone7, [000002534483AF00][00000253428D69C0 49] iPodTouch7, [000002534478BE00][0000025339FDEB00 49] iPhone5S, [0000025344839000][0000025344D58C80 49] iPhone6Plus, [00000253447E8100][0000025344D5CE00 49] iPhone6S, [0000025344788300][0000025344D60F80 49] iPhone6SPlus, [00000253447EA800][0000025344D73100 49] iPhone7Plus, [000002534478A400][0000025344E0F280 49] iPhoneSE, [00000253447EA600][0000025344EA1400 49] iPhone8, [0000025344788400][0000025344EB9580 49] iPhone8Plus, [00000253447EB100][0000025344EDD700 49] iPhoneX, [0000025344839500][0000025344F3B880 49] iPhoneXS, [00000253447EAB00][0000025344F8BA00 49] iPhoneXSMax, [0000025344838700][0000025344FB7B80 49] iPhoneXR, [00000253447E8800][00000253450B0180 49] iPhone11, [0000025344839100][00000253450B4300 49] iPhone11Pro, [00000253447E9A00][00000253450B8480 49] iPhone11ProMax, [000002534483B700][00000253450BC600 49] iPhoneSE2, [00000253447EB800][00000253450C0780 49] iPhone12Mini, [000002534483A300][00000253450C4900 49] iPhone12, [00000253447EB200][0000025344D54A40 49] iPhone12Pro, [0000025344839300][00000253450C8B80 49] iPhone12ProMax, [00000253447E9500][00000253450CCCC0 49] iPadPro105, [0000025344838A00][00000253450D4E40 49] iPadPro129, [00000253447EBD00][00000253450D8FC0 49] iPadPro97, [000002534483AA00][00000253450DD140 49] iPadPro2_129, [00000253447E8E00][00000253450E12C0 49] iPad5, [0000025344839F00][00000253450E5440 49] iPad6, [00000253447E9300][00000253450E95C0 49] iPad7, [0000025344838200][00000253450ED740 49] iPad8, [00000253447E8300][00000253450F58C0 49] iPadPro11, [000002534483B100][00000253450FDA40 49] iPadPro2_11, [00000253447E9600][0000025345101BC0 49] iPadPro3_129, [000002534483A700][00000253451041C0 49] iPadPro4_129, [00000253447E9000][000002534510C340 49] AppleTV, [0000025344838900][0000025339F904C0 49] AppleTV4K, [00000253447EA300][0000025339F94640 49] TVOS, [0000025344838300][0000025339F9C7C0 49] Mac, [00000253447EB600][0000025339FA0940 49] MacClient, [000002534483B900][0000025339FA4AC0 49] MacNoEditor, [00000253447EB000][00000253450D0C00 49] MacServer, [0000025344838800][0000025339FA8D40 49] Linux, [00000253447E9D00][0000025339FACE80 49] LinuxAArch64, [000002534483AB00][0000025339FB0FC0 49] LinuxNoEditor, [00000253447EBB00][0000025339FB9140 49] LinuxAArch64NoEditor, [0000025344838400][0000025339FBD2C0 49] LinuxClient, [00000253447EAD00][0000025339FC1440 49] LinuxAArch64Client, [000002534483B500][0000025339FC55C0 49] LinuxServer, [00000253447EBF00][0000025339FC9740 49] LinuxAArch64Server, [000002534483BA00][0000025339FCD8C0 49] Android, [00000253447E9C00][0000025339FD1A40 49] Android_Low, [000002534483A100][0000025344D7DBC0 49] Android_Mid, [00000253447EA200][0000025344D801C0 49] Android_High, [000002534483B400][0000025344D84340 49] Android_Default, [00000253447E9F00][0000025344D884C0 49] Android_Adreno4xx, [0000025344838B00][0000025344D8C640 49] Android_Adreno5xx_Low, [00000253447EAF00][0000025344D907C0 49] Android_Adreno5xx, [000002534483BD00][0000025344D94940 49] Android_Adreno6xx, [00000253447FC500][0000025344D98AC0 49] Android_Adreno6xx_Vulkan, [0000025344789500][0000025344D9CC40 49] Android_Mali_T6xx, [00000253447FFD00][0000025339FB4D80 49] Android_Mali_T7xx, [000002534478B300][0000025344DA0EC0 49] Android_Mali_T8xx, [00000253447FEB00][0000025344DA5000 49] Android_Mali_G71, [0000025344788100][0000025344DA9140 49] Android_Mali_G72, [00000253447FD200][0000025344DB12C0 49] Android_Mali_G72_Vulkan, [0000025344789300][0000025344DB5440 49] Android_Mali_G76, [00000253447FF900][0000025344DB95C0 49] Android_Mali_G76_Vulkan, [000002534478AC00][0000025344DBD740 49] Android_Mali_G77, [00000253447FD100][0000025344DC18C0 49] Android_Mali_G77_Vulkan, [0000025344789800][0000025344DC5A40 49] Android_Mali_G78, [00000253447FDE00][0000025344DC9BC0 49] Android_Mali_G78_Vulkan, [000002534478BD00][0000025344DCC1C0 49] Android_Mali_G710, [00000253447FC300][0000025344DD0340 49] Android_Mali_G710_Vulkan, [0000025344788200][0000025344DD44C0 49] Android_Vulkan_SM5, [00000253447FC800][0000025344DD8640 49] Android_PowerVR_G6xxx, [000002534478A500][0000025344DDC7C0 49] Android_PowerVR_GT7xxx, [00000253447FCE00][0000025344DE0940 49] Android_PowerVR_GE8xxx, [0000025344789400][0000025344DE4AC0 49] Android_PowerVR_GM9xxx, [00000253447FCD00][0000025344DE8C40 49] Android_PowerVR_GM9xxx_Vulkan, [000002534478A600][0000025344DECDC0 49] Android_TegraK1, [00000253447FDA00][0000025344DF0F40 49] Android_Unknown_Vulkan, [000002534478BC00][0000025344DAD080 49] Lumin, [00000253447FCA00][0000025344DF51C0 49] Lumin_Desktop, [000002534478BB00][0000025344DF9300 49] HoloLens, 
[2021.11.23-23.30.20:744][  0]LogMeshReduction: Using QuadricMeshReduction for automatic static mesh reduction
[2021.11.23-23.30.20:744][  0]LogMeshReduction: Using SimplygonMeshReduction for automatic skeletal mesh reduction
[2021.11.23-23.30.20:744][  0]LogMeshReduction: Using ProxyLODMeshReduction for automatic mesh merging
[2021.11.23-23.30.20:744][  0]LogMeshReduction: No distributed automatic mesh merging module available
[2021.11.23-23.30.20:744][  0]LogMeshMerging: No distributed automatic mesh merging module available
[2021.11.23-23.30.20:755][  0]LogNetVersion: SEALER 1.0.0, NetCL: 17155196, EngineNetVer: 17, GameNetVer: 0 (Checksum: 2190604085)
[2021.11.23-23.30.21:062][  0]LogTexture: Default maximum texture size for cubemaps generated from long-lat sources has been changed from 512 to unlimited. In order to preserve old behaiour for '/Engine/MapTemplates/Sky/DaylightAmbientCubemap.DaylightAmbientCubemap', its maximum texture size has been explicitly set to 512.
[2021.11.23-23.30.21:109][  0]LogHMD: PokeAHoleMaterial loaded successfully
[2021.11.23-23.30.21:114][  0]LogUObjectArray: 17178 objects as part of root set at end of initial load.
[2021.11.23-23.30.21:114][  0]LogUObjectAllocator: 4301856 out of 0 bytes used by permanent object pool.
[2021.11.23-23.30.21:114][  0]LogUObjectArray: CloseDisregardForGC: 0/0 objects in disregard for GC pool
[2021.11.23-23.30.21:312][  0]LogNiagaraDebuggerClient: Niagara Debugger Client Initialized | Session: 70980E7F4F7AD2FD4E883DA649675E7A | Instance: 00F3B44E4625DB2BF40E38B14F7F9B15 (WHEEZE-13956).
[2021.11.23-23.30.21:338][  0]LogImageWrapper: Warning: PNG Warning: Duplicate iCCP chunk
[2021.11.23-23.30.21:338][  0]LogImageWrapper: Warning: PNG Warning: Duplicate iCCP chunk
[2021.11.23-23.30.21:338][  0]LogPython: Using Python 3.7.7
[2021.11.23-23.30.21:825][  0]LogTcpMessaging: Initializing TcpMessaging bridge
[2021.11.23-23.30.21:828][  0]LogUdpMessaging: Initializing bridge on interface 0.0.0.0:0 to multicast group 230.0.0.1:6666.
[2021.11.23-23.30.21:983][  0]SourceControl: Source control is disabled
[2021.11.23-23.30.21:983][  0]SourceControl: Source control is disabled
[2021.11.23-23.30.21:992][  0]SourceControl: Source control is disabled
[2021.11.23-23.30.21:994][  0]SourceControl: Source control is disabled
[2021.11.23-23.30.22:005][  0]SourceControl: Source control is disabled
[2021.11.23-23.30.22:045][  0]LogUProjectInfo: Found projects:
[2021.11.23-23.30.22:084][  0]LogOpenImageDenoise: OIDN starting up
[2021.11.23-23.30.22:113][  0]LogAndroidPermission: UAndroidPermissionCallbackProxy::GetInstance
[2021.11.23-23.30.22:129][  0]LogAudioCaptureCore: Display: No Audio Capture implementations found. Audio input will be silent.
[2021.11.23-23.30.22:129][  0]LogAudioCaptureCore: Display: No Audio Capture implementations found. Audio input will be silent.
[2021.11.23-23.30.22:215][  0]LogCollectionManager: Loaded 0 collections in 0.000567 seconds
[2021.11.23-23.30.22:232][  0]LogFileCache: Scanning file cache for directory 'C:/Users/Laura/Documents/GitHub/IPMU_GrupoC/SEALER/Saved/Collections/' took 0.00s
[2021.11.23-23.30.22:232][  0]LogFileCache: Scanning file cache for directory 'C:/Users/Laura/Documents/GitHub/IPMU_GrupoC/SEALER/Content/Developers/Laura/Collections/' took 0.00s
[2021.11.23-23.30.22:232][  0]LogFileCache: Scanning file cache for directory 'C:/Users/Laura/Documents/GitHub/IPMU_GrupoC/SEALER/Content/Collections/' took 0.00s
[2021.11.23-23.30.22:232][  0]LogOcInput: OculusInput pre-init called
[2021.11.23-23.30.22:385][  0]LogImageWrapper: Warning: PNG Warning: Duplicate iCCP chunk
[2021.11.23-23.30.22:385][  0]LogImageWrapper: Warning: PNG Warning: Duplicate iCCP chunk
[2021.11.23-23.30.22:426][  0]LogEngine: Initializing Engine...
[2021.11.23-23.30.22:428][  0]LogHMD: Failed to enumerate extensions. Please check that you have a valid OpenXR runtime installed.
[2021.11.23-23.30.22:428][  0]LogHMD: Failed to initialize OpenVR with code 110
[2021.11.23-23.30.22:428][  0]LogMagicLeap: Warning: VR disabled because ZI is not enabled.  To enable, in the editor, Edit -> Project Settings -> Plugins -> Magic Leap Plugin -> Enable Zero Iteration
[2021.11.23-23.30.22:429][  0]LogStats: UGameplayTagsManager::InitializeManager -  0.000 s
[2021.11.23-23.30.22:520][  0]LogInit: Initializing FReadOnlyCVARCache
[2021.11.23-23.30.22:526][  0]LogAIModule: Creating AISystem for world Untitled
[2021.11.23-23.30.22:542][  0]LogAudio: Display: Initializing Audio Device Manager...
[2021.11.23-23.30.22:545][  0]LogAudio: Display: Loading Default Audio Settings Objects...
[2021.11.23-23.30.22:545][  0]LogAudio: Display: No default SoundConcurrencyObject specified (or failed to load).
[2021.11.23-23.30.22:545][  0]LogAudio: Display: Audio Device Manager Initialized
[2021.11.23-23.30.22:545][  0]LogAudio: Display: Creating Audio Device:                 Id: 1, Scope: Shared, Realtime: True
[2021.11.23-23.30.22:546][  0]LogAudioMixer: Display: Audio Mixer Platform Settings:
[2021.11.23-23.30.22:546][  0]LogAudioMixer: Display: 	Sample Rate:						  48000
[2021.11.23-23.30.22:546][  0]LogAudioMixer: Display: 	Callback Buffer Frame Size Requested: 1024
[2021.11.23-23.30.22:546][  0]LogAudioMixer: Display: 	Callback Buffer Frame Size To Use:	  1024
[2021.11.23-23.30.22:546][  0]LogAudioMixer: Display: 	Number of buffers to queue:			  2
[2021.11.23-23.30.22:546][  0]LogAudioMixer: Display: 	Max Channels (voices):				  32
[2021.11.23-23.30.22:546][  0]LogAudioMixer: Display: 	Number of Async Source Workers:		  0
[2021.11.23-23.30.22:546][  0]LogAudio: Display: AudioDevice MaxSources: 32
[2021.11.23-23.30.22:546][  0]LogAudio: Display: Audio Spatialization Plugin: None (built-in).
[2021.11.23-23.30.22:546][  0]LogAudio: Display: Audio Reverb Plugin: None (built-in).
[2021.11.23-23.30.22:546][  0]LogAudio: Display: Audio Occlusion Plugin: None (built-in).
[2021.11.23-23.30.22:546][  0]LogAudioMixer: Display: Initializing audio mixer.
[2021.11.23-23.30.22:555][  0]LogAudioMixer: Display: 0: FrontLeft
[2021.11.23-23.30.22:555][  0]LogAudioMixer: Display: 1: FrontRight
[2021.11.23-23.30.22:583][  0]LogAudioMixer: Display: Using Audio Device PHL 243V5 (NVIDIA High Definition Audio)
[2021.11.23-23.30.22:588][  0]LogAudioMixer: Display: Initializing Sound Submixes...
[2021.11.23-23.30.22:589][  0]LogAudioMixer: Display: Creating Master Submix 'MasterSubmixDefault'
[2021.11.23-23.30.22:589][  0]LogAudioMixer: Display: Creating Master Submix 'MasterReverbSubmixDefault'
[2021.11.23-23.30.22:590][  0]LogAudioMixer: Display: Creating Master Submix 'MasterEQSubmixDefault'
[2021.11.23-23.30.22:590][  0]LogAudioMixer: FMixerPlatformXAudio2::StartAudioStream() called
[2021.11.23-23.30.22:590][  0]LogAudioMixer: Display: Output buffers initialized: Frames=1024, Channels=2, Samples=2048
[2021.11.23-23.30.22:591][  0]LogAudioMixer: Display: Starting AudioMixerPlatformInterface::RunInternal()
[2021.11.23-23.30.22:591][  0]LogAudioMixer: Display: FMixerPlatformXAudio2::SubmitBuffer() called for the first time
[2021.11.23-23.30.22:591][  0]LogInit: FAudioDevice initialized.
[2021.11.23-23.30.22:591][  0]LogAudio: Display: Audio Device (ID: 1) registered with world 'Untitled'.
[2021.11.23-23.30.22:591][  0]LogNetVersion: Set ProjectVersion to 1.0.0.0. Version Checksum will be recalculated on next use.
[2021.11.23-23.30.22:671][  0]LogDerivedDataCache: Saved boot cache 0.08s 94MB C:/Users/Laura/AppData/Local/UnrealEngine/4.27/DerivedDataCache/Boot.ddc.
[2021.11.23-23.30.22:672][  0]LogInit: Texture streaming: Enabled
[2021.11.23-23.30.22:680][  0]LogAnalytics: Display: [UEEditor.Rocket.Release] APIServer = https://datarouter.ol.epicgames.com/. AppVersion = 4.27.1-17735300+++UE4+Release-4.27
[2021.11.23-23.30.22:683][  0]LogEngineSessionManager: EngineSessionManager initialized
[2021.11.23-23.30.22:683][  0]LogEditorSessionSummary: Verbose: Initializing EditorSessionSummaryWriter for editor session tracking
[2021.11.23-23.30.22:684][  0]LogEditorSessionSummary: EditorSessionSummaryWriter initialized
[2021.11.23-23.30.22:703][  0]LogInit: Transaction tracking system initialized
[2021.11.23-23.30.22:717][  0]BlueprintLog: New page: Editor Load
[2021.11.23-23.30.22:757][  0]LocalizationService: Localization service is disabled
[2021.11.23-23.30.22:772][  0]TimingProfiler: Initialize
[2021.11.23-23.30.22:773][  0]TimingProfiler: OnSessionChanged
[2021.11.23-23.30.22:773][  0]LoadingProfiler: Initialize
[2021.11.23-23.30.22:773][  0]LoadingProfiler: OnSessionChanged
[2021.11.23-23.30.22:773][  0]NetworkingProfiler: Initialize
[2021.11.23-23.30.22:773][  0]NetworkingProfiler: OnSessionChanged
[2021.11.23-23.30.22:773][  0]MemoryProfiler: Initialize
[2021.11.23-23.30.22:773][  0]MemoryProfiler: OnSessionChanged
[2021.11.23-23.30.22:868][  0]LogCook: Display: CookSettings for Memory: MemoryMaxUsedVirtual 0MiB, MemoryMaxUsedPhysical 16384MiB, MemoryMinFreeVirtual 0MiB, MemoryMinFreePhysical 1024MiB
[2021.11.23-23.30.22:868][  0]LogCook: Display: Mobile HDR setting 1
[2021.11.23-23.30.23:000][  0]LogFileCache: Scanning file cache for directory 'C:/Users/Laura/Documents/GitHub/IPMU_GrupoC/SEALER/Content/' took 0.01s
[2021.11.23-23.30.23:166][  0]LogImageWrapper: Warning: PNG Warning: Duplicate iCCP chunk
[2021.11.23-23.30.23:166][  0]LogImageWrapper: Warning: PNG Warning: Duplicate iCCP chunk
[2021.11.23-23.30.23:166][  0]LogInit: Display: Engine is initialized. Leaving FEngineLoop::Init()
[2021.11.23-23.30.23:170][  0]SourceControl: Source control is disabled
[2021.11.23-23.30.23:170][  0]LogUnrealEdMisc: Loading editor; pre map load, took 5.186
[2021.11.23-23.30.23:170][  0]Cmd: MAP LOAD FILE="C:/Users/Laura/Documents/GitHub/IPMU_GrupoC/SEALER/Content/FirstPersonBP/Maps/FirstPersonExampleMap.umap" TEMPLATE=0 SHOWPROGRESS=1 FEATURELEVEL=3
[2021.11.23-23.30.23:171][  0]LightingResults: New page: Lighting Build
[2021.11.23-23.30.23:173][  0]LogWorld: UWorld::CleanupWorld for Untitled, bSessionEnded=true, bCleanupResources=true
[2021.11.23-23.30.23:173][  0]LogSlate: InvalidateAllWidgets triggered.  All widgets were invalidated
[2021.11.23-23.30.23:173][  0]MapCheck: New page: Map Check
[2021.11.23-23.30.23:173][  0]LightingResults: New page: Lighting Build
[2021.11.23-23.30.23:177][  0]LogAudio: Display: Audio Device unregistered from world 'None'.
[2021.11.23-23.30.23:179][  0]LogUObjectHash: Compacting FUObjectHashTables data took   0.71ms
[2021.11.23-23.30.23:438][  0]LogAudio: Display: Audio Device (ID: 1) registered with world 'FirstPersonExampleMap'.
[2021.11.23-23.30.23:439][  0]LogAIModule: Creating AISystem for world FirstPersonExampleMap
[2021.11.23-23.30.23:455][  0]LogEditorServer: Finished looking for orphan Actors (0.000 secs)
[2021.11.23-23.30.23:464][  0]LogUObjectHash: Compacting FUObjectHashTables data took   0.92ms
[2021.11.23-23.30.23:465][  0]Cmd: MAP CHECKDEP NOCLEARLOG
[2021.11.23-23.30.23:465][  0]MapCheck: Map check complete: 0 Error(s), 0 Warning(s), took 0,148ms to complete.
[2021.11.23-23.30.23:465][  0]LogFileHelpers: Loading map 'FirstPersonExampleMap' took 0.295
[2021.11.23-23.30.23:467][  0]LogUnrealEdMisc: Total Editor Startup Time, took 5.483
[2021.11.23-23.30.23:582][  0]LogSlate: Updating window title bar state: overlay mode, drag disabled, window buttons hidden, title bar hidden
[2021.11.23-23.30.23:587][  0]LogSlate: Updating window title bar state: overlay mode, drag disabled, window buttons hidden, title bar hidden
[2021.11.23-23.30.23:592][  0]LogSlate: Updating window title bar state: overlay mode, drag disabled, window buttons hidden, title bar hidden
[2021.11.23-23.30.23:598][  0]LogSlate: Updating window title bar state: overlay mode, drag disabled, window buttons hidden, title bar hidden
[2021.11.23-23.30.23:609][  0]LogNativeClassHierarchy: Verbose: Native class hierarchy populated in 0.0077 seconds. Added 3822 classes and 928 folders.
[2021.11.23-23.30.23:610][  0]LogNativeClassHierarchy: Verbose: Native class hierarchy updated for 'WidgetCarousel' in 0.0002 seconds. Added 0 classes and 0 folders.
[2021.11.23-23.30.23:611][  0]LogPakFile: PakFile PrimaryIndexSize=187
[2021.11.23-23.30.23:611][  0]LogPakFile: PakFile PathHashIndexSize=101
[2021.11.23-23.30.23:611][  0]LogPakFile: PakFile FullDirectoryIndexSize=148
[2021.11.23-23.30.23:611][  0]LogShaderLibrary: Display: ShaderCodeLibraryPakFileMountedCallback: PakFile 'D:/Epic Games/UE_4.27/FeaturePacks/FP_FirstPerson.upack' (chunk index -1, root 'root:/') mounted
[2021.11.23-23.30.23:611][  0]LogShaderLibrary: Display: ShaderCodeLibraryPakFileMountedCallback: pending pak file info (ChunkID:-1 Root:root:/ File:D:/Epic Games/UE_4.27/FeaturePacks/FP_FirstPerson.upack)
[2021.11.23-23.30.23:611][  0]LogPakFile: OnPakFileMounted2Time == 0.000051
[2021.11.23-23.30.23:612][  0]LogPakFile: PakFile PrimaryIndexSize=189
[2021.11.23-23.30.23:612][  0]LogPakFile: PakFile PathHashIndexSize=101
[2021.11.23-23.30.23:612][  0]LogPakFile: PakFile FullDirectoryIndexSize=152
[2021.11.23-23.30.23:612][  0]LogShaderLibrary: Display: ShaderCodeLibraryPakFileMountedCallback: PakFile 'D:/Epic Games/UE_4.27/FeaturePacks/FP_FirstPersonBP.upack' (chunk index -1, root 'root:/') mounted
[2021.11.23-23.30.23:612][  0]LogShaderLibrary: Display: ShaderCodeLibraryPakFileMountedCallback: pending pak file info (ChunkID:-1 Root:root:/ File:D:/Epic Games/UE_4.27/FeaturePacks/FP_FirstPersonBP.upack)
[2021.11.23-23.30.23:612][  0]LogPakFile: OnPakFileMounted2Time == 0.000033
[2021.11.23-23.30.23:612][  0]LogPakFile: PakFile PrimaryIndexSize=191
[2021.11.23-23.30.23:612][  0]LogPakFile: PakFile PathHashIndexSize=101
[2021.11.23-23.30.23:612][  0]LogPakFile: PakFile FullDirectoryIndexSize=160
[2021.11.23-23.30.23:612][  0]LogShaderLibrary: Display: ShaderCodeLibraryPakFileMountedCallback: PakFile 'D:/Epic Games/UE_4.27/FeaturePacks/MobileStarterContent.upack' (chunk index -1, root 'root:/') mounted
[2021.11.23-23.30.23:612][  0]LogShaderLibrary: Display: ShaderCodeLibraryPakFileMountedCallback: pending pak file info (ChunkID:-1 Root:root:/ File:D:/Epic Games/UE_4.27/FeaturePacks/MobileStarterContent.upack)
[2021.11.23-23.30.23:612][  0]LogPakFile: OnPakFileMounted2Time == 0.000030
[2021.11.23-23.30.23:613][  0]LogPakFile: PakFile PrimaryIndexSize=185
[2021.11.23-23.30.23:613][  0]LogPakFile: PakFile PathHashIndexSize=101
[2021.11.23-23.30.23:613][  0]LogPakFile: PakFile FullDirectoryIndexSize=148
[2021.11.23-23.30.23:613][  0]LogShaderLibrary: Display: ShaderCodeLibraryPakFileMountedCallback: PakFile 'D:/Epic Games/UE_4.27/FeaturePacks/StarterContent.upack' (chunk index -1, root 'root:/') mounted
[2021.11.23-23.30.23:613][  0]LogShaderLibrary: Display: ShaderCodeLibraryPakFileMountedCallback: pending pak file info (ChunkID:-1 Root:root:/ File:D:/Epic Games/UE_4.27/FeaturePacks/StarterContent.upack)
[2021.11.23-23.30.23:613][  0]LogPakFile: OnPakFileMounted2Time == 0.000031
[2021.11.23-23.30.23:613][  0]LogPakFile: PakFile PrimaryIndexSize=190
[2021.11.23-23.30.23:613][  0]LogPakFile: PakFile PathHashIndexSize=101
[2021.11.23-23.30.23:613][  0]LogPakFile: PakFile FullDirectoryIndexSize=154
[2021.11.23-23.30.23:613][  0]LogShaderLibrary: Display: ShaderCodeLibraryPakFileMountedCallback: PakFile 'D:/Epic Games/UE_4.27/FeaturePacks/TP_2DSideScroller.upack' (chunk index -1, root 'root:/') mounted
[2021.11.23-23.30.23:613][  0]LogShaderLibrary: Display: ShaderCodeLibraryPakFileMountedCallback: pending pak file info (ChunkID:-1 Root:root:/ File:D:/Epic Games/UE_4.27/FeaturePacks/TP_2DSideScroller.upack)
[2021.11.23-23.30.23:613][  0]LogPakFile: OnPakFileMounted2Time == 0.000030
[2021.11.23-23.30.23:614][  0]LogPakFile: PakFile PrimaryIndexSize=192
[2021.11.23-23.30.23:614][  0]LogPakFile: PakFile PathHashIndexSize=101
[2021.11.23-23.30.23:614][  0]LogPakFile: PakFile FullDirectoryIndexSize=158
[2021.11.23-23.30.23:614][  0]LogShaderLibrary: Display: ShaderCodeLibraryPakFileMountedCallback: PakFile 'D:/Epic Games/UE_4.27/FeaturePacks/TP_2DSideScrollerBP.upack' (chunk index -1, root 'root:/') mounted
[2021.11.23-23.30.23:614][  0]LogShaderLibrary: Display: ShaderCodeLibraryPakFileMountedCallback: pending pak file info (ChunkID:-1 Root:root:/ File:D:/Epic Games/UE_4.27/FeaturePacks/TP_2DSideScrollerBP.upack)
[2021.11.23-23.30.23:614][  0]LogPakFile: OnPakFileMounted2Time == 0.000030
[2021.11.23-23.30.23:614][  0]LogPakFile: PakFile PrimaryIndexSize=182
[2021.11.23-23.30.23:614][  0]LogPakFile: PakFile PathHashIndexSize=101
[2021.11.23-23.30.23:614][  0]LogPakFile: PakFile FullDirectoryIndexSize=138
[2021.11.23-23.30.23:614][  0]LogShaderLibrary: Display: ShaderCodeLibraryPakFileMountedCallback: PakFile 'D:/Epic Games/UE_4.27/FeaturePacks/TP_Flying.upack' (chunk index -1, root 'root:/') mounted
[2021.11.23-23.30.23:614][  0]LogShaderLibrary: Display: ShaderCodeLibraryPakFileMountedCallback: pending pak file info (ChunkID:-1 Root:root:/ File:D:/Epic Games/UE_4.27/FeaturePacks/TP_Flying.upack)
[2021.11.23-23.30.23:614][  0]LogPakFile: OnPakFileMounted2Time == 0.000029
[2021.11.23-23.30.23:614][  0]LogPakFile: PakFile PrimaryIndexSize=184
[2021.11.23-23.30.23:614][  0]LogPakFile: PakFile PathHashIndexSize=101
[2021.11.23-23.30.23:615][  0]LogPakFile: PakFile FullDirectoryIndexSize=142
[2021.11.23-23.30.23:615][  0]LogShaderLibrary: Display: ShaderCodeLibraryPakFileMountedCallback: PakFile 'D:/Epic Games/UE_4.27/FeaturePacks/TP_FlyingBP.upack' (chunk index -1, root 'root:/') mounted
[2021.11.23-23.30.23:615][  0]LogShaderLibrary: Display: ShaderCodeLibraryPakFileMountedCallback: pending pak file info (ChunkID:-1 Root:root:/ File:D:/Epic Games/UE_4.27/FeaturePacks/TP_FlyingBP.upack)
[2021.11.23-23.30.23:615][  0]LogPakFile: OnPakFileMounted2Time == 0.000030
[2021.11.23-23.30.23:615][  0]LogPakFile: PakFile PrimaryIndexSize=188
[2021.11.23-23.30.23:615][  0]LogPakFile: PakFile PathHashIndexSize=101
[2021.11.23-23.30.23:615][  0]LogPakFile: PakFile FullDirectoryIndexSize=150
[2021.11.23-23.30.23:615][  0]LogShaderLibrary: Display: ShaderCodeLibraryPakFileMountedCallback: PakFile 'D:/Epic Games/UE_4.27/FeaturePacks/TP_HandheldARBP.upack' (chunk index -1, root 'root:/') mounted
[2021.11.23-23.30.23:615][  0]LogShaderLibrary: Display: ShaderCodeLibraryPakFileMountedCallback: pending pak file info (ChunkID:-1 Root:root:/ File:D:/Epic Games/UE_4.27/FeaturePacks/TP_HandheldARBP.upack)
[2021.11.23-23.30.23:615][  0]LogPakFile: OnPakFileMounted2Time == 0.000030
[2021.11.23-23.30.23:615][  0]LogPakFile: PakFile PrimaryIndexSize=182
[2021.11.23-23.30.23:616][  0]LogPakFile: PakFile PathHashIndexSize=101
[2021.11.23-23.30.23:616][  0]LogPakFile: PakFile FullDirectoryIndexSize=138
[2021.11.23-23.30.23:616][  0]LogShaderLibrary: Display: ShaderCodeLibraryPakFileMountedCallback: PakFile 'D:/Epic Games/UE_4.27/FeaturePacks/TP_Puzzle.upack' (chunk index -1, root 'root:/') mounted
[2021.11.23-23.30.23:616][  0]LogShaderLibrary: Display: ShaderCodeLibraryPakFileMountedCallback: pending pak file info (ChunkID:-1 Root:root:/ File:D:/Epic Games/UE_4.27/FeaturePacks/TP_Puzzle.upack)
[2021.11.23-23.30.23:616][  0]LogPakFile: OnPakFileMounted2Time == 0.000030
[2021.11.23-23.30.23:616][  0]LogPakFile: PakFile PrimaryIndexSize=184
[2021.11.23-23.30.23:616][  0]LogPakFile: PakFile PathHashIndexSize=101
[2021.11.23-23.30.23:616][  0]LogPakFile: PakFile FullDirectoryIndexSize=142
[2021.11.23-23.30.23:616][  0]LogShaderLibrary: Display: ShaderCodeLibraryPakFileMountedCallback: PakFile 'D:/Epic Games/UE_4.27/FeaturePacks/TP_PuzzleBP.upack' (chunk index -1, root 'root:/') mounted
[2021.11.23-23.30.23:616][  0]LogShaderLibrary: Display: ShaderCodeLibraryPakFileMountedCallback: pending pak file info (ChunkID:-1 Root:root:/ File:D:/Epic Games/UE_4.27/FeaturePacks/TP_PuzzleBP.upack)
[2021.11.23-23.30.23:616][  0]LogPakFile: OnPakFileMounted2Time == 0.000030
[2021.11.23-23.30.23:616][  0]LogPakFile: PakFile PrimaryIndexSize=183
[2021.11.23-23.30.23:616][  0]LogPakFile: PakFile PathHashIndexSize=101
[2021.11.23-23.30.23:616][  0]LogPakFile: PakFile FullDirectoryIndexSize=140
[2021.11.23-23.30.23:616][  0]LogShaderLibrary: Display: ShaderCodeLibraryPakFileMountedCallback: PakFile 'D:/Epic Games/UE_4.27/FeaturePacks/TP_Rolling.upack' (chunk index -1, root 'root:/') mounted
[2021.11.23-23.30.23:616][  0]LogShaderLibrary: Display: ShaderCodeLibraryPakFileMountedCallback: pending pak file info (ChunkID:-1 Root:root:/ File:D:/Epic Games/UE_4.27/FeaturePacks/TP_Rolling.upack)
[2021.11.23-23.30.23:616][  0]LogPakFile: OnPakFileMounted2Time == 0.000029
[2021.11.23-23.30.23:617][  0]LogPakFile: PakFile PrimaryIndexSize=185
[2021.11.23-23.30.23:617][  0]LogPakFile: PakFile PathHashIndexSize=101
[2021.11.23-23.30.23:617][  0]LogPakFile: PakFile FullDirectoryIndexSize=144
[2021.11.23-23.30.23:617][  0]LogShaderLibrary: Display: ShaderCodeLibraryPakFileMountedCallback: PakFile 'D:/Epic Games/UE_4.27/FeaturePacks/TP_RollingBP.upack' (chunk index -1, root 'root:/') mounted
[2021.11.23-23.30.23:617][  0]LogShaderLibrary: Display: ShaderCodeLibraryPakFileMountedCallback: pending pak file info (ChunkID:-1 Root:root:/ File:D:/Epic Games/UE_4.27/FeaturePacks/TP_RollingBP.upack)
[2021.11.23-23.30.23:617][  0]LogPakFile: OnPakFileMounted2Time == 0.000029
[2021.11.23-23.30.23:617][  0]LogPakFile: PakFile PrimaryIndexSize=188
[2021.11.23-23.30.23:617][  0]LogPakFile: PakFile PathHashIndexSize=101
[2021.11.23-23.30.23:617][  0]LogPakFile: PakFile FullDirectoryIndexSize=150
[2021.11.23-23.30.23:617][  0]LogShaderLibrary: Display: ShaderCodeLibraryPakFileMountedCallback: PakFile 'D:/Epic Games/UE_4.27/FeaturePacks/TP_SideScroller.upack' (chunk index -1, root 'root:/') mounted
[2021.11.23-23.30.23:617][  0]LogShaderLibrary: Display: ShaderCodeLibraryPakFileMountedCallback: pending pak file info (ChunkID:-1 Root:root:/ File:D:/Epic Games/UE_4.27/FeaturePacks/TP_SideScroller.upack)
[2021.11.23-23.30.23:617][  0]LogPakFile: OnPakFileMounted2Time == 0.000030
[2021.11.23-23.30.23:618][  0]LogPakFile: PakFile PrimaryIndexSize=190
[2021.11.23-23.30.23:618][  0]LogPakFile: PakFile PathHashIndexSize=101
[2021.11.23-23.30.23:618][  0]LogPakFile: PakFile FullDirectoryIndexSize=154
[2021.11.23-23.30.23:618][  0]LogShaderLibrary: Display: ShaderCodeLibraryPakFileMountedCallback: PakFile 'D:/Epic Games/UE_4.27/FeaturePacks/TP_SideScrollerBP.upack' (chunk index -1, root 'root:/') mounted
[2021.11.23-23.30.23:618][  0]LogShaderLibrary: Display: ShaderCodeLibraryPakFileMountedCallback: pending pak file info (ChunkID:-1 Root:root:/ File:D:/Epic Games/UE_4.27/FeaturePacks/TP_SideScrollerBP.upack)
[2021.11.23-23.30.23:618][  0]LogPakFile: OnPakFileMounted2Time == 0.000032
[2021.11.23-23.30.23:618][  0]LogPakFile: PakFile PrimaryIndexSize=187
[2021.11.23-23.30.23:618][  0]LogPakFile: PakFile PathHashIndexSize=101
[2021.11.23-23.30.23:618][  0]LogPakFile: PakFile FullDirectoryIndexSize=148
[2021.11.23-23.30.23:618][  0]LogShaderLibrary: Display: ShaderCodeLibraryPakFileMountedCallback: PakFile 'D:/Epic Games/UE_4.27/FeaturePacks/TP_ThirdPerson.upack' (chunk index -1, root 'root:/') mounted
[2021.11.23-23.30.23:618][  0]LogShaderLibrary: Display: ShaderCodeLibraryPakFileMountedCallback: pending pak file info (ChunkID:-1 Root:root:/ File:D:/Epic Games/UE_4.27/FeaturePacks/TP_ThirdPerson.upack)
[2021.11.23-23.30.23:618][  0]LogPakFile: OnPakFileMounted2Time == 0.000030
[2021.11.23-23.30.23:619][  0]LogPakFile: PakFile PrimaryIndexSize=189
[2021.11.23-23.30.23:619][  0]LogPakFile: PakFile PathHashIndexSize=101
[2021.11.23-23.30.23:619][  0]LogPakFile: PakFile FullDirectoryIndexSize=152
[2021.11.23-23.30.23:619][  0]LogShaderLibrary: Display: ShaderCodeLibraryPakFileMountedCallback: PakFile 'D:/Epic Games/UE_4.27/FeaturePacks/TP_ThirdPersonBP.upack' (chunk index -1, root 'root:/') mounted
[2021.11.23-23.30.23:619][  0]LogShaderLibrary: Display: ShaderCodeLibraryPakFileMountedCallback: pending pak file info (ChunkID:-1 Root:root:/ File:D:/Epic Games/UE_4.27/FeaturePacks/TP_ThirdPersonBP.upack)
[2021.11.23-23.30.23:619][  0]LogPakFile: OnPakFileMounted2Time == 0.000029
[2021.11.23-23.30.23:619][  0]LogPakFile: PakFile PrimaryIndexSize=183
[2021.11.23-23.30.23:619][  0]LogPakFile: PakFile PathHashIndexSize=101
[2021.11.23-23.30.23:619][  0]LogPakFile: PakFile FullDirectoryIndexSize=140
[2021.11.23-23.30.23:619][  0]LogShaderLibrary: Display: ShaderCodeLibraryPakFileMountedCallback: PakFile 'D:/Epic Games/UE_4.27/FeaturePacks/TP_TopDown.upack' (chunk index -1, root 'root:/') mounted
[2021.11.23-23.30.23:619][  0]LogShaderLibrary: Display: ShaderCodeLibraryPakFileMountedCallback: pending pak file info (ChunkID:-1 Root:root:/ File:D:/Epic Games/UE_4.27/FeaturePacks/TP_TopDown.upack)
[2021.11.23-23.30.23:619][  0]LogPakFile: OnPakFileMounted2Time == 0.000034
[2021.11.23-23.30.23:619][  0]LogPakFile: PakFile PrimaryIndexSize=185
[2021.11.23-23.30.23:619][  0]LogPakFile: PakFile PathHashIndexSize=101
[2021.11.23-23.30.23:619][  0]LogPakFile: PakFile FullDirectoryIndexSize=144
[2021.11.23-23.30.23:619][  0]LogShaderLibrary: Display: ShaderCodeLibraryPakFileMountedCallback: PakFile 'D:/Epic Games/UE_4.27/FeaturePacks/TP_TopDownBP.upack' (chunk index -1, root 'root:/') mounted
[2021.11.23-23.30.23:620][  0]LogShaderLibrary: Display: ShaderCodeLibraryPakFileMountedCallback: pending pak file info (ChunkID:-1 Root:root:/ File:D:/Epic Games/UE_4.27/FeaturePacks/TP_TopDownBP.upack)
[2021.11.23-23.30.23:620][  0]LogPakFile: OnPakFileMounted2Time == 0.000031
[2021.11.23-23.30.23:620][  0]LogPakFile: PakFile PrimaryIndexSize=185
[2021.11.23-23.30.23:620][  0]LogPakFile: PakFile PathHashIndexSize=101
[2021.11.23-23.30.23:620][  0]LogPakFile: PakFile FullDirectoryIndexSize=144
[2021.11.23-23.30.23:620][  0]LogShaderLibrary: Display: ShaderCodeLibraryPakFileMountedCallback: PakFile 'D:/Epic Games/UE_4.27/FeaturePacks/TP_TwinStick.upack' (chunk index -1, root 'root:/') mounted
[2021.11.23-23.30.23:620][  0]LogShaderLibrary: Display: ShaderCodeLibraryPakFileMountedCallback: pending pak file info (ChunkID:-1 Root:root:/ File:D:/Epic Games/UE_4.27/FeaturePacks/TP_TwinStick.upack)
[2021.11.23-23.30.23:620][  0]LogPakFile: OnPakFileMounted2Time == 0.000029
[2021.11.23-23.30.23:620][  0]LogPakFile: PakFile PrimaryIndexSize=187
[2021.11.23-23.30.23:620][  0]LogPakFile: PakFile PathHashIndexSize=101
[2021.11.23-23.30.23:620][  0]LogPakFile: PakFile FullDirectoryIndexSize=148
[2021.11.23-23.30.23:620][  0]LogShaderLibrary: Display: ShaderCodeLibraryPakFileMountedCallback: PakFile 'D:/Epic Games/UE_4.27/FeaturePacks/TP_TwinStickBP.upack' (chunk index -1, root 'root:/') mounted
[2021.11.23-23.30.23:620][  0]LogShaderLibrary: Display: ShaderCodeLibraryPakFileMountedCallback: pending pak file info (ChunkID:-1 Root:root:/ File:D:/Epic Games/UE_4.27/FeaturePacks/TP_TwinStickBP.upack)
[2021.11.23-23.30.23:620][  0]LogPakFile: OnPakFileMounted2Time == 0.000030
[2021.11.23-23.30.23:621][  0]LogPakFile: PakFile PrimaryIndexSize=183
[2021.11.23-23.30.23:621][  0]LogPakFile: PakFile PathHashIndexSize=101
[2021.11.23-23.30.23:621][  0]LogPakFile: PakFile FullDirectoryIndexSize=140
[2021.11.23-23.30.23:621][  0]LogShaderLibrary: Display: ShaderCodeLibraryPakFileMountedCallback: PakFile 'D:/Epic Games/UE_4.27/FeaturePacks/TP_Vehicle.upack' (chunk index -1, root 'root:/') mounted
[2021.11.23-23.30.23:621][  0]LogShaderLibrary: Display: ShaderCodeLibraryPakFileMountedCallback: pending pak file info (ChunkID:-1 Root:root:/ File:D:/Epic Games/UE_4.27/FeaturePacks/TP_Vehicle.upack)
[2021.11.23-23.30.23:621][  0]LogPakFile: OnPakFileMounted2Time == 0.000029
[2021.11.23-23.30.23:621][  0]LogPakFile: PakFile PrimaryIndexSize=186
[2021.11.23-23.30.23:621][  0]LogPakFile: PakFile PathHashIndexSize=101
[2021.11.23-23.30.23:621][  0]LogPakFile: PakFile FullDirectoryIndexSize=146
[2021.11.23-23.30.23:621][  0]LogShaderLibrary: Display: ShaderCodeLibraryPakFileMountedCallback: PakFile 'D:/Epic Games/UE_4.27/FeaturePacks/TP_VehicleAdv.upack' (chunk index -1, root 'root:/') mounted
[2021.11.23-23.30.23:621][  0]LogShaderLibrary: Display: ShaderCodeLibraryPakFileMountedCallback: pending pak file info (ChunkID:-1 Root:root:/ File:D:/Epic Games/UE_4.27/FeaturePacks/TP_VehicleAdv.upack)
[2021.11.23-23.30.23:621][  0]LogPakFile: OnPakFileMounted2Time == 0.000030
[2021.11.23-23.30.23:622][  0]LogPakFile: PakFile PrimaryIndexSize=188
[2021.11.23-23.30.23:622][  0]LogPakFile: PakFile PathHashIndexSize=101
[2021.11.23-23.30.23:622][  0]LogPakFile: PakFile FullDirectoryIndexSize=150
[2021.11.23-23.30.23:622][  0]LogShaderLibrary: Display: ShaderCodeLibraryPakFileMountedCallback: PakFile 'D:/Epic Games/UE_4.27/FeaturePacks/TP_VehicleAdvBP.upack' (chunk index -1, root 'root:/') mounted
[2021.11.23-23.30.23:622][  0]LogShaderLibrary: Display: ShaderCodeLibraryPakFileMountedCallback: pending pak file info (ChunkID:-1 Root:root:/ File:D:/Epic Games/UE_4.27/FeaturePacks/TP_VehicleAdvBP.upack)
[2021.11.23-23.30.23:622][  0]LogPakFile: OnPakFileMounted2Time == 0.000030
[2021.11.23-23.30.23:622][  0]LogPakFile: PakFile PrimaryIndexSize=185
[2021.11.23-23.30.23:622][  0]LogPakFile: PakFile PathHashIndexSize=101
[2021.11.23-23.30.23:622][  0]LogPakFile: PakFile FullDirectoryIndexSize=144
[2021.11.23-23.30.23:622][  0]LogShaderLibrary: Display: ShaderCodeLibraryPakFileMountedCallback: PakFile 'D:/Epic Games/UE_4.27/FeaturePacks/TP_VehicleBP.upack' (chunk index -1, root 'root:/') mounted
[2021.11.23-23.30.23:622][  0]LogShaderLibrary: Display: ShaderCodeLibraryPakFileMountedCallback: pending pak file info (ChunkID:-1 Root:root:/ File:D:/Epic Games/UE_4.27/FeaturePacks/TP_VehicleBP.upack)
[2021.11.23-23.30.23:622][  0]LogPakFile: OnPakFileMounted2Time == 0.000030
[2021.11.23-23.30.23:623][  0]LogPakFile: PakFile PrimaryIndexSize=192
[2021.11.23-23.30.23:623][  0]LogPakFile: PakFile PathHashIndexSize=101
[2021.11.23-23.30.23:623][  0]LogPakFile: PakFile FullDirectoryIndexSize=158
[2021.11.23-23.30.23:623][  0]LogShaderLibrary: Display: ShaderCodeLibraryPakFileMountedCallback: PakFile 'D:/Epic Games/UE_4.27/FeaturePacks/TP_VirtualRealityBP.upack' (chunk index -1, root 'root:/') mounted
[2021.11.23-23.30.23:623][  0]LogShaderLibrary: Display: ShaderCodeLibraryPakFileMountedCallback: pending pak file info (ChunkID:-1 Root:root:/ File:D:/Epic Games/UE_4.27/FeaturePacks/TP_VirtualRealityBP.upack)
[2021.11.23-23.30.23:623][  0]LogPakFile: OnPakFileMounted2Time == 0.000030
[2021.11.23-23.30.23:652][  0]LogNativeClassHierarchy: Verbose: Native class hierarchy updated for 'AddContentDialog' in 0.0003 seconds. Added 0 classes and 0 folders.
[2021.11.23-23.30.23:653][  0]LogNativeClassHierarchy: Verbose: Native class hierarchy updated for 'SceneOutliner' in 0.0002 seconds. Added 2 classes and 0 folders.
[2021.11.23-23.30.23:671][  0]LogNativeClassHierarchy: Verbose: Native class hierarchy updated for 'HierarchicalLODOutliner' in 0.0002 seconds. Added 0 classes and 0 folders.
[2021.11.23-23.30.23:671][  0]LogLoad: (Engine Initialization) Total time: 5.69 seconds
[2021.11.23-23.30.23:671][  0]LogLoad: (Engine Initialization) Total Blueprint compile time: 0.00 seconds
[2021.11.23-23.30.23:707][  0]LogAssetRegistry: Asset discovery search completed in 3.2795 seconds
[2021.11.23-23.30.23:711][  0]LogCollectionManager: Fixed up redirectors for 0 collections in 0.000003 seconds (updated 0 objects)
[2021.11.23-23.30.23:712][  0]LogContentStreaming: Texture pool size now 1000 MB
[2021.11.23-23.30.23:718][  0]LogSlate: Took 0.000092 seconds to synchronously load lazily loaded font '../../../Engine/Content/Slate/Fonts/Roboto-Regular.ttf' (155K)
[2021.11.23-23.30.23:719][  0]LogSlate: Took 0.000071 seconds to synchronously load lazily loaded font '../../../Engine/Content/Editor/Slate/Fonts/FontAwesome.ttf' (139K)
[2021.11.23-23.30.23:720][  0]LogSlate: Took 0.000073 seconds to synchronously load lazily loaded font '../../../Engine/Content/Slate/Fonts/Roboto-Bold.ttf' (160K)
[2021.11.23-23.30.23:771][  0]LogSlate: Took 0.000103 seconds to synchronously load lazily loaded font '../../../Engine/Content/Slate/Fonts/Roboto-Light.ttf' (167K)
[2021.11.23-23.30.23:791][  1]LogRenderer: Reallocating scene render targets to support 700x352 Format 10 NumSamples 1 (Frame:1).
[2021.11.23-23.30.25:350][157]LogRenderer: Reallocating scene render targets to support 1048x560 Format 10 NumSamples 1 (Frame:145).
[2021.11.23-23.30.34:836][916]LogSlate: Took 0.000102 seconds to synchronously load lazily loaded font '../../../Engine/Content/Slate/Fonts/Roboto-Light.ttf' (167K)
[2021.11.23-23.30.34:851][916]LogFactory: FactoryCreateFile: Texture with ReimportTextureFactory (0 0 C:/Users/Laura/Desktop/PIXELART/demonito.png)
[2021.11.23-23.30.34:853][916]LogTexture: Display: Building textures: demonito (OODLE_AutoDXT, 320X320)
[2021.11.23-23.30.44:068][960]LogAssetEditorSubsystem: Opening Asset editor for WidgetBlueprint /Game/FirstPersonBP/misBlueprints/CuantosSellos.CuantosSellos
[2021.11.23-23.30.44:188][960]LogNativeClassHierarchy: Verbose: Native class hierarchy updated for 'BlueprintGraph' in 0.0004 seconds. Added 126 classes and 0 folders.
[2021.11.23-23.30.45:140][960]LogSlate: Took 0.000126 seconds to synchronously load lazily loaded font '../../../Engine/Content/Slate/Fonts/Roboto-BoldCondensed.ttf' (158K)
[2021.11.23-23.33.41:646][317]LogSlate: Window 'Message' being destroyed
[2021.11.23-23.33.41:650][317]Message dialog closed, result: Yes, title: Message, text: Do you want to overwrite the existing asset?

An asset already exists at the import location: /Game/FirstPersonBP/misBlueprints/demonito
[2021.11.23-23.33.41:650][317]LogFactory: FactoryCreateFile: Texture with ReimportTextureFactory (0 0 C:/Users/Laura/Desktop/PIXELART/demonito.png)
[2021.11.23-23.33.46:804][317]LogSlate: Window 'Message' being destroyed
[2021.11.23-23.33.46:808][317]Message dialog closed, result: Yes, title: Message, text: You are about to import 'demonito' over an existing texture. Would you like to overwrite the existing settings?

Yes or Yes to All: Overwrite the existing settings.
No or No to All: Preserve the existing settings.
Cancel: Abort the operation.
[2021.11.23-23.33.46:820][317]LogTexture: Display: Building textures: demonito (OODLE_AutoDXT, 320X320)
[2021.11.23-23.33.52:550][952]LogWindows: Windows GetLastError: La operación se completó correctamente. (0)
[2021.11.23-23.34.01:147][952]LogOutputDevice: Warning: 

Script Stack (0 frames):

[2021.11.23-23.34.01:147][952]LogWindows: Windows GetLastError: La operación se completó correctamente. (0)
[2021.11.23-23.34.01:161][952]LogWindows: Error: === Critical error: ===
[2021.11.23-23.34.01:161][952]LogWindows: Error: 
[2021.11.23-23.34.01:162][952]LogWindows: Error: Fatal error: [File:D:/Build/++UE4/Sync/Engine/Source/Runtime/RenderCore/Private/RenderingThread.cpp] [Line: 902] 
[2021.11.23-23.34.01:162][952]LogWindows: Error: Rendering thread exception:
[2021.11.23-23.34.01:162][952]LogWindows: Error: Assertion failed: false [File:D:/Build/++UE4/Sync/Engine/Source/Runtime/SlateRHIRenderer/Private/SlateUTextureResource.cpp] [Line: 62] 
[2021.11.23-23.34.01:162][952]LogWindows: Error: Texture demonito has become invalid. This means the resource was garbage collected while slate was using it
[2021.11.23-23.34.01:162][952]LogWindows: Error: 
[2021.11.23-23.34.01:162][952]LogWindows: Error: 
[2021.11.23-23.34.01:162][952]LogWindows: Error: [Callstack] 0x00007ffb86a44f69 KERNELBASE.dll!UnknownFunction []
[2021.11.23-23.34.01:162][952]LogWindows: Error: [Callstack] 0x00007ffb2a070346 UE4Editor-Core.dll!UnknownFunction []
[2021.11.23-23.34.01:162][952]LogWindows: Error: [Callstack] 0x00007ffb2a074348 UE4Editor-Core.dll!UnknownFunction []
[2021.11.23-23.34.01:162][952]LogWindows: Error: [Callstack] 0x00007ffb29d9255d UE4Editor-Core.dll!UnknownFunction []
[2021.11.23-23.34.01:162][952]LogWindows: Error: [Callstack] 0x00007ffb29ce6b75 UE4Editor-Core.dll!UnknownFunction []
[2021.11.23-23.34.01:162][952]LogWindows: Error: [Callstack] 0x00007ffb29ce81d0 UE4Editor-Core.dll!UnknownFunction []
[2021.11.23-23.34.01:162][952]LogWindows: Error: [Callstack] 0x00007ffb1179470e UE4Editor-SlateRHIRenderer.dll!UnknownFunction []
[2021.11.23-23.34.01:162][952]LogWindows: Error: [Callstack] 0x00007ffb11739b19 UE4Editor-SlateRHIRenderer.dll!UnknownFunction []
[2021.11.23-23.34.01:162][952]LogWindows: Error: [Callstack] 0x00007ffb1174a681 UE4Editor-SlateRHIRenderer.dll!UnknownFunction []
[2021.11.23-23.34.01:162][952]LogWindows: Error: [Callstack] 0x00007ffb11750e99 UE4Editor-SlateRHIRenderer.dll!UnknownFunction []
[2021.11.23-23.34.01:162][952]LogWindows: Error: [Callstack] 0x00007ffb1174784a UE4Editor-SlateRHIRenderer.dll!UnknownFunction []
[2021.11.23-23.34.01:162][952]LogWindows: Error: [Callstack] 0x00007ffb1175c2ba UE4Editor-SlateRHIRenderer.dll!UnknownFunction []
[2021.11.23-23.34.01:162][952]LogWindows: Error: [Callstack] 0x00007ffb29af2398 UE4Editor-Core.dll!UnknownFunction []
[2021.11.23-23.34.01:162][952]LogWindows: Error: [Callstack] 0x00007ffb29af27ce UE4Editor-Core.dll!UnknownFunction []
[2021.11.23-23.34.01:162][952]LogWindows: Error: [Callstack] 0x00007ffb2e899c57 UE4Editor-RenderCore.dll!UnknownFunction []
[2021.11.23-23.34.01:162][952]LogWindows: Error: [Callstack] 0x00007ffb2e8a2f24 UE4Editor-RenderCore.dll!UnknownFunction []
[2021.11.23-23.34.01:162][952]LogWindows: Error: [Callstack] 0x00007ffb2a09003b UE4Editor-Core.dll!UnknownFunction []
[2021.11.23-23.34.01:162][952]LogWindows: Error: [Callstack] 0x00007ffb2a087180 UE4Editor-Core.dll!UnknownFunction []
[2021.11.23-23.34.01:162][952]LogWindows: Error: [Callstack] 0x00007ffb87dc7034 KERNEL32.DLL!UnknownFunction []
[2021.11.23-23.34.01:162][952]LogWindows: Error: [Callstack] 0x00007ffb89262651 ntdll.dll!UnknownFunction []
[2021.11.23-23.34.01:162][952]LogWindows: Error: 
[2021.11.23-23.34.01:162][952]LogWindows: Error: 
[2021.11.23-23.34.01:162][952]LogWindows: Error: 
[2021.11.23-23.34.01:162][952]LogWindows: Error: 
[2021.11.23-23.34.01:174][952]LogExit: Executing StaticShutdownAfterError
[2021.11.23-23.34.01:185][952]LogWindows: FPlatformMisc::RequestExit(1)
[2021.11.23-23.34.01:186][952]LogWindows: FPlatformMisc::RequestExitWithStatus(1, 3)
[2021.11.23-23.34.01:186][952]LogCore: Engine exit requested (reason: Win RequestExit)
[2021.11.23-23.34.01:195][952]Log file closed, 11/24/21 00:34:01
